Using pre-set license
Built from '2020.3/staging' branch; Version is '2020.3.29f1 (2ff179115da0) revision 3142009'; Using compiler version '192528614'; Build Type 'Release'
OS: 'Windows 10  (10.0.19044) 64bit Professional' Language: 'tr' Physical Memory: 16275 MB
BatchMode: 1, IsHumanControllingUs: 0, StartBugReporterOnCrash: 0, Is64bit: 1, IsPro: 0

COMMAND LINE ARGUMENTS:
C:\Program Files\Unity\Hub\Editor\2020.3.29f1\Editor\Unity.exe
-adb2
-batchMode
-noUpm
-name
AssetImportWorker0
-projectPath
C:/Users/mcang/Desktop/PlatformRunner_Pantheon/Platform Runner/PlatformRunner
-logFile
Logs/AssetImportWorker0.log
-srvPort
53110
Successfully changed project path to: C:/Users/mcang/Desktop/PlatformRunner_Pantheon/Platform Runner/PlatformRunner
C:/Users/mcang/Desktop/PlatformRunner_Pantheon/Platform Runner/PlatformRunner
Using Asset Import Pipeline V2.
Refreshing native plugins compatible for Editor in 72.58 ms, found 2 plugins.
Preloading 0 native plugins for Editor in 0.00 ms.
Initialize engine version: 2020.3.29f1 (2ff179115da0)
[Subsystems] Discovering subsystems at path C:/Program Files/Unity/Hub/Editor/2020.3.29f1/Editor/Data/Resources/UnitySubsystems
[Subsystems] Discovering subsystems at path C:/Users/mcang/Desktop/PlatformRunner_Pantheon/Platform Runner/PlatformRunner/Assets
GfxDevice: creating device client; threaded=0
Direct3D:
    Version:  Direct3D 11.0 [level 11.1]
    Renderer: NVIDIA GeForce GTX 1050 Ti (ID=0x1c8c)
    Vendor:   
    VRAM:     4019 MB
    Driver:   30.0.14.7212
Initialize mono
Mono path[0] = 'C:/Program Files/Unity/Hub/Editor/2020.3.29f1/Editor/Data/Managed'
Mono path[1] = 'C:/Program Files/Unity/Hub/Editor/2020.3.29f1/Editor/Data/MonoBleedingEdge/lib/mono/unityjit'
Mono config path = 'C:/Program Files/Unity/Hub/Editor/2020.3.29f1/Editor/Data/MonoBleedingEdge/etc'
Using monoOptions --debugger-agent=transport=dt_socket,embedding=1,server=y,suspend=n,address=127.0.0.1:56496
Begin MonoManager ReloadAssembly
Registering precompiled unity dll's ...
Register platform support module: C:/Program Files/Unity/Hub/Editor/2020.3.29f1/Editor/Data/PlaybackEngines/WindowsStandaloneSupport/UnityEditor.WindowsStandalone.Extensions.dll
Registered in 0.004839 seconds.
Native extension for WindowsStandalone target not found
Refreshing native plugins compatible for Editor in 48.03 ms, found 2 plugins.
Preloading 0 native plugins for Editor in 0.00 ms.
Mono: successfully reloaded assembly
- Completed reload, in  0.935 seconds
Domain Reload Profiling:
	ReloadAssembly (935ms)
		BeginReloadAssembly (117ms)
			ExecutionOrderSort (0ms)
			DisableScriptedObjects (0ms)
			BackupInstance (0ms)
			ReleaseScriptingObjects (0ms)
			CreateAndSetChildDomain (3ms)
		EndReloadAssembly (680ms)
			LoadAssemblies (112ms)
			RebuildTransferFunctionScriptingTraits (0ms)
			SetupTypeCache (243ms)
			ReleaseScriptCaches (0ms)
			RebuildScriptCaches (42ms)
			SetupLoadedEditorAssemblies (246ms)
				LogAssemblyErrors (0ms)
				InitializePlatformSupportModulesInManaged (6ms)
				SetLoadedEditorAssemblies (0ms)
				RefreshPlugins (48ms)
				BeforeProcessingInitializeOnLoad (22ms)
				ProcessInitializeOnLoadAttributes (113ms)
				ProcessInitializeOnLoadMethodAttributes (56ms)
				AfterProcessingInitializeOnLoad (0ms)
				EditorAssembliesLoaded (0ms)
			ExecutionOrderSort2 (0ms)
			AwakeInstancesAfterBackupRestoration (0ms)
Platform modules already initialized, skipping
Registering precompiled user dll's ...
Registered in 0.008714 seconds.
Begin MonoManager ReloadAssembly
Native extension for WindowsStandalone target not found
Refreshing native plugins compatible for Editor in 0.43 ms, found 2 plugins.
Preloading 0 native plugins for Editor in 0.00 ms.
Mono: successfully reloaded assembly
- Completed reload, in  1.516 seconds
Domain Reload Profiling:
	ReloadAssembly (1517ms)
		BeginReloadAssembly (235ms)
			ExecutionOrderSort (0ms)
			DisableScriptedObjects (6ms)
			BackupInstance (0ms)
			ReleaseScriptingObjects (0ms)
			CreateAndSetChildDomain (27ms)
		EndReloadAssembly (1195ms)
			LoadAssemblies (134ms)
			RebuildTransferFunctionScriptingTraits (0ms)
			SetupTypeCache (412ms)
			ReleaseScriptCaches (1ms)
			RebuildScriptCaches (62ms)
			SetupLoadedEditorAssemblies (463ms)
				LogAssemblyErrors (0ms)
				InitializePlatformSupportModulesInManaged (7ms)
				SetLoadedEditorAssemblies (1ms)
				RefreshPlugins (1ms)
				BeforeProcessingInitializeOnLoad (124ms)
				ProcessInitializeOnLoadAttributes (309ms)
				ProcessInitializeOnLoadMethodAttributes (12ms)
				AfterProcessingInitializeOnLoad (9ms)
				EditorAssembliesLoaded (0ms)
			ExecutionOrderSort2 (0ms)
			AwakeInstancesAfterBackupRestoration (9ms)
Platform modules already initialized, skipping
========================================================================
Worker process is ready to serve import requests
Launched and connected shader compiler UnityShaderCompiler.exe after 0.13 seconds
Refreshing native plugins compatible for Editor in 0.44 ms, found 2 plugins.
Preloading 0 native plugins for Editor in 0.00 ms.
Unloading 1541 Unused Serialized files (Serialized files now loaded: 0)
System memory in use before: 84.4 MB.
System memory in use after: 84.4 MB.

Unloading 18 unused Assets to reduce memory usage. Loaded Objects now: 1996.
Total: 4.034700 ms (FindLiveObjects: 0.246400 ms CreateObjectMapping: 0.071600 ms MarkObjects: 3.548900 ms  DeleteObjects: 0.166600 ms)

AssetImportParameters requested are different than current active one (requested -> active):
  custom:framework-win-MediaFoundation: 216162199b28c13a410421893ffa2e32 -> 
  custom:video-decoder-ogg-theora: a1e56fd34408186e4bbccfd4996cb3dc -> 
  custom:container-muxer-webm: aa71ff27fc2769a1b78a27578f13a17b -> 
  custom:container-demuxer-webm: 4f35f7cbe854078d1ac9338744f61a02 -> 
  custom:container-demuxer-ogg: 62fdf1f143b41e24485cea50d1cbac27 -> 
  custom:video-encoder-webm-vp8: eb34c28f22e8b96e1ab97ce403110664 -> 
  custom:video-decoder-webm-vp8: 9c59270c3fd7afecdb556c50c9e8de78 -> 
  custom:audio-decoder-ogg-vorbis: bf7c407c2cedff20999df2af8eb42d56 -> 
  custom:audio-encoder-webm-vorbis: bf7c407c2cedff20999df2af8eb42d56 -> 
========================================================================
Received Import Request.
  path: Assets/Character_animation/Boy/Boy@Idle (2).fbx
  artifactKey: Guid(541acff008023054c96b8acda79331e4) Importer(815301076,1909f56bfc062723c751e8b465ee728b)
Start importing Assets/Character_animation/Boy/Boy@Idle (2).fbx using Guid(541acff008023054c96b8acda79331e4) Importer(815301076,1909f56bfc062723c751e8b465ee728b)  -> (artifact id: '5d65c329be1463424c2d36646f25eb2e') in 0.309012 seconds 
  Import took 0.316178 seconds .

========================================================================
Received Import Request.
  Time since last request: 12.862054 seconds.
  path: Assets/Character_animation/Boy/New/Boy_Animator.controller
  artifactKey: Guid(dfaaba915c9d2044bb6ecd6fb598d34f) Importer(815301076,1909f56bfc062723c751e8b465ee728b)
Start importing Assets/Character_animation/Boy/New/Boy_Animator.controller using Guid(dfaaba915c9d2044bb6ecd6fb598d34f) Importer(815301076,1909f56bfc062723c751e8b465ee728b)  -> (artifact id: '45e94f8404b4a15415a531e0c85ce25a') in 0.019311 seconds 
  Import took 0.024774 seconds .

========================================================================
Received Prepare
Registering precompiled user dll's ...
Registered in 0.008831 seconds.
Begin MonoManager ReloadAssembly
Native extension for WindowsStandalone target not found
Refreshing native plugins compatible for Editor in 0.47 ms, found 2 plugins.
Preloading 0 native plugins for Editor in 0.00 ms.
Mono: successfully reloaded assembly
- Completed reload, in  2.005 seconds
Domain Reload Profiling:
	ReloadAssembly (2006ms)
		BeginReloadAssembly (267ms)
			ExecutionOrderSort (0ms)
			DisableScriptedObjects (9ms)
			BackupInstance (0ms)
			ReleaseScriptingObjects (0ms)
			CreateAndSetChildDomain (70ms)
		EndReloadAssembly (1598ms)
			LoadAssemblies (248ms)
			RebuildTransferFunctionScriptingTraits (0ms)
			SetupTypeCache (532ms)
			ReleaseScriptCaches (2ms)
			RebuildScriptCaches (75ms)
			SetupLoadedEditorAssemblies (587ms)
				LogAssemblyErrors (0ms)
				InitializePlatformSupportModulesInManaged (11ms)
				SetLoadedEditorAssemblies (1ms)
				RefreshPlugins (1ms)
				BeforeProcessingInitializeOnLoad (140ms)
				ProcessInitializeOnLoadAttributes (396ms)
				ProcessInitializeOnLoadMethodAttributes (21ms)
				AfterProcessingInitializeOnLoad (16ms)
				EditorAssembliesLoaded (1ms)
			ExecutionOrderSort2 (0ms)
			AwakeInstancesAfterBackupRestoration (15ms)
Platform modules already initialized, skipping
Refreshing native plugins compatible for Editor in 1.04 ms, found 2 plugins.
Preloading 0 native plugins for Editor in 0.00 ms.
Unloading 1522 Unused Serialized files (Serialized files now loaded: 0)
System memory in use before: 99.9 MB.
System memory in use after: 100.0 MB.

Unloading 13 unused Assets to reduce memory usage. Loaded Objects now: 2042.
Total: 6.870600 ms (FindLiveObjects: 0.296400 ms CreateObjectMapping: 0.112900 ms MarkObjects: 6.416400 ms  DeleteObjects: 0.043200 ms)

AssetImportParameters requested are different than current active one (requested -> active):
  custom:framework-win-MediaFoundation: 216162199b28c13a410421893ffa2e32 -> 
  custom:video-decoder-ogg-theora: a1e56fd34408186e4bbccfd4996cb3dc -> 
  custom:container-muxer-webm: aa71ff27fc2769a1b78a27578f13a17b -> 
  custom:container-demuxer-webm: 4f35f7cbe854078d1ac9338744f61a02 -> 
  custom:container-demuxer-ogg: 62fdf1f143b41e24485cea50d1cbac27 -> 
  custom:video-encoder-webm-vp8: eb34c28f22e8b96e1ab97ce403110664 -> 
  custom:video-decoder-webm-vp8: 9c59270c3fd7afecdb556c50c9e8de78 -> 
  custom:audio-decoder-ogg-vorbis: bf7c407c2cedff20999df2af8eb42d56 -> 
  custom:audio-encoder-webm-vorbis: bf7c407c2cedff20999df2af8eb42d56 -> 
========================================================================
Received Prepare
Registering precompiled user dll's ...
Registered in 0.004442 seconds.
Begin MonoManager ReloadAssembly
Native extension for WindowsStandalone target not found
Refreshing native plugins compatible for Editor in 0.69 ms, found 2 plugins.
Preloading 0 native plugins for Editor in 0.00 ms.
Mono: successfully reloaded assembly
- Completed reload, in  1.526 seconds
Domain Reload Profiling:
	ReloadAssembly (1527ms)
		BeginReloadAssembly (148ms)
			ExecutionOrderSort (0ms)
			DisableScriptedObjects (5ms)
			BackupInstance (0ms)
			ReleaseScriptingObjects (0ms)
			CreateAndSetChildDomain (41ms)
		EndReloadAssembly (1294ms)
			LoadAssemblies (140ms)
			RebuildTransferFunctionScriptingTraits (0ms)
			SetupTypeCache (468ms)
			ReleaseScriptCaches (1ms)
			RebuildScriptCaches (66ms)
			SetupLoadedEditorAssemblies (451ms)
				LogAssemblyErrors (0ms)
				InitializePlatformSupportModulesInManaged (7ms)
				SetLoadedEditorAssemblies (1ms)
				RefreshPlugins (1ms)
				BeforeProcessingInitializeOnLoad (122ms)
				ProcessInitializeOnLoadAttributes (294ms)
				ProcessInitializeOnLoadMethodAttributes (16ms)
				AfterProcessingInitializeOnLoad (10ms)
				EditorAssembliesLoaded (0ms)
			ExecutionOrderSort2 (0ms)
			AwakeInstancesAfterBackupRestoration (9ms)
Platform modules already initialized, skipping
Refreshing native plugins compatible for Editor in 0.48 ms, found 2 plugins.
Preloading 0 native plugins for Editor in 0.00 ms.
Unloading 1522 Unused Serialized files (Serialized files now loaded: 0)
System memory in use before: 99.9 MB.
System memory in use after: 100.0 MB.

Unloading 13 unused Assets to reduce memory usage. Loaded Objects now: 2044.
Total: 4.479500 ms (FindLiveObjects: 0.202300 ms CreateObjectMapping: 0.053600 ms MarkObjects: 4.155400 ms  DeleteObjects: 0.066400 ms)

AssetImportParameters requested are different than current active one (requested -> active):
  custom:framework-win-MediaFoundation: 216162199b28c13a410421893ffa2e32 -> 
  custom:video-decoder-ogg-theora: a1e56fd34408186e4bbccfd4996cb3dc -> 
  custom:container-muxer-webm: aa71ff27fc2769a1b78a27578f13a17b -> 
  custom:container-demuxer-webm: 4f35f7cbe854078d1ac9338744f61a02 -> 
  custom:container-demuxer-ogg: 62fdf1f143b41e24485cea50d1cbac27 -> 
  custom:video-encoder-webm-vp8: eb34c28f22e8b96e1ab97ce403110664 -> 
  custom:video-decoder-webm-vp8: 9c59270c3fd7afecdb556c50c9e8de78 -> 
  custom:audio-decoder-ogg-vorbis: bf7c407c2cedff20999df2af8eb42d56 -> 
  custom:audio-encoder-webm-vorbis: bf7c407c2cedff20999df2af8eb42d56 -> 
========================================================================
Received Prepare
Registering precompiled user dll's ...
Registered in 0.005216 seconds.
Begin MonoManager ReloadAssembly
Native extension for WindowsStandalone target not found
Refreshing native plugins compatible for Editor in 0.36 ms, found 2 plugins.
Preloading 0 native plugins for Editor in 0.00 ms.
Mono: successfully reloaded assembly
- Completed reload, in  1.440 seconds
Domain Reload Profiling:
	ReloadAssembly (1441ms)
		BeginReloadAssembly (146ms)
			ExecutionOrderSort (0ms)
			DisableScriptedObjects (5ms)
			BackupInstance (0ms)
			ReleaseScriptingObjects (0ms)
			CreateAndSetChildDomain (41ms)
		EndReloadAssembly (1213ms)
			LoadAssemblies (128ms)
			RebuildTransferFunctionScriptingTraits (0ms)
			SetupTypeCache (460ms)
			ReleaseScriptCaches (2ms)
			RebuildScriptCaches (68ms)
			SetupLoadedEditorAssemblies (403ms)
				LogAssemblyErrors (0ms)
				InitializePlatformSupportModulesInManaged (6ms)
				SetLoadedEditorAssemblies (1ms)
				RefreshPlugins (0ms)
				BeforeProcessingInitializeOnLoad (104ms)
				ProcessInitializeOnLoadAttributes (267ms)
				ProcessInitializeOnLoadMethodAttributes (15ms)
				AfterProcessingInitializeOnLoad (10ms)
				EditorAssembliesLoaded (0ms)
			ExecutionOrderSort2 (0ms)
			AwakeInstancesAfterBackupRestoration (9ms)
Platform modules already initialized, skipping
Refreshing native plugins compatible for Editor in 0.60 ms, found 2 plugins.
Preloading 0 native plugins for Editor in 0.00 ms.
Unloading 1522 Unused Serialized files (Serialized files now loaded: 0)
System memory in use before: 99.9 MB.
System memory in use after: 100.1 MB.

Unloading 13 unused Assets to reduce memory usage. Loaded Objects now: 2046.
Total: 2.835000 ms (FindLiveObjects: 0.170600 ms CreateObjectMapping: 0.057600 ms MarkObjects: 2.543300 ms  DeleteObjects: 0.062900 ms)

AssetImportParameters requested are different than current active one (requested -> active):
  custom:framework-win-MediaFoundation: 216162199b28c13a410421893ffa2e32 -> 
  custom:video-decoder-ogg-theora: a1e56fd34408186e4bbccfd4996cb3dc -> 
  custom:container-muxer-webm: aa71ff27fc2769a1b78a27578f13a17b -> 
  custom:container-demuxer-webm: 4f35f7cbe854078d1ac9338744f61a02 -> 
  custom:container-demuxer-ogg: 62fdf1f143b41e24485cea50d1cbac27 -> 
  custom:video-encoder-webm-vp8: eb34c28f22e8b96e1ab97ce403110664 -> 
  custom:video-decoder-webm-vp8: 9c59270c3fd7afecdb556c50c9e8de78 -> 
  custom:audio-decoder-ogg-vorbis: bf7c407c2cedff20999df2af8eb42d56 -> 
  custom:audio-encoder-webm-vorbis: bf7c407c2cedff20999df2af8eb42d56 -> 
========================================================================
Received Prepare
Registering precompiled user dll's ...
Registered in 0.006841 seconds.
Begin MonoManager ReloadAssembly
Native extension for WindowsStandalone target not found
Refreshing native plugins compatible for Editor in 0.38 ms, found 2 plugins.
Preloading 0 native plugins for Editor in 0.00 ms.
Mono: successfully reloaded assembly
- Completed reload, in  1.151 seconds
Domain Reload Profiling:
	ReloadAssembly (1152ms)
		BeginReloadAssembly (135ms)
			ExecutionOrderSort (0ms)
			DisableScriptedObjects (5ms)
			BackupInstance (0ms)
			ReleaseScriptingObjects (0ms)
			CreateAndSetChildDomain (38ms)
		EndReloadAssembly (945ms)
			LoadAssemblies (127ms)
			RebuildTransferFunctionScriptingTraits (0ms)
			SetupTypeCache (323ms)
			ReleaseScriptCaches (1ms)
			RebuildScriptCaches (43ms)
			SetupLoadedEditorAssemblies (348ms)
				LogAssemblyErrors (0ms)
				InitializePlatformSupportModulesInManaged (6ms)
				SetLoadedEditorAssemblies (0ms)
				RefreshPlugins (0ms)
				BeforeProcessingInitializeOnLoad (91ms)
				ProcessInitializeOnLoadAttributes (231ms)
				ProcessInitializeOnLoadMethodAttributes (11ms)
				AfterProcessingInitializeOnLoad (8ms)
				EditorAssembliesLoaded (0ms)
			ExecutionOrderSort2 (0ms)
			AwakeInstancesAfterBackupRestoration (7ms)
Platform modules already initialized, skipping
Refreshing native plugins compatible for Editor in 0.41 ms, found 2 plugins.
Preloading 0 native plugins for Editor in 0.00 ms.
Unloading 1522 Unused Serialized files (Serialized files now loaded: 0)
System memory in use before: 100.0 MB.
System memory in use after: 100.1 MB.

Unloading 13 unused Assets to reduce memory usage. Loaded Objects now: 2048.
Total: 4.015500 ms (FindLiveObjects: 0.175900 ms CreateObjectMapping: 0.042900 ms MarkObjects: 3.738300 ms  DeleteObjects: 0.028500 ms)

AssetImportParameters requested are different than current active one (requested -> active):
  custom:framework-win-MediaFoundation: 216162199b28c13a410421893ffa2e32 -> 
  custom:video-decoder-ogg-theora: a1e56fd34408186e4bbccfd4996cb3dc -> 
  custom:container-muxer-webm: aa71ff27fc2769a1b78a27578f13a17b -> 
  custom:container-demuxer-webm: 4f35f7cbe854078d1ac9338744f61a02 -> 
  custom:container-demuxer-ogg: 62fdf1f143b41e24485cea50d1cbac27 -> 
  custom:video-encoder-webm-vp8: eb34c28f22e8b96e1ab97ce403110664 -> 
  custom:video-decoder-webm-vp8: 9c59270c3fd7afecdb556c50c9e8de78 -> 
  custom:audio-decoder-ogg-vorbis: bf7c407c2cedff20999df2af8eb42d56 -> 
  custom:audio-encoder-webm-vorbis: bf7c407c2cedff20999df2af8eb42d56 -> 
========================================================================
Received Import Request.
  Time since last request: 342.521950 seconds.
  path: Assets/Character_animation/Boy/New/Boy.fbx
  artifactKey: Guid(854e662ca09a6c04984b5f69b6774db5) Importer(815301076,1909f56bfc062723c751e8b465ee728b)
Start importing Assets/Character_animation/Boy/New/Boy.fbx using Guid(854e662ca09a6c04984b5f69b6774db5) Importer(815301076,1909f56bfc062723c751e8b465ee728b)  -> (artifact id: '373feef64c3af4c58ea01e1ebcea9791') in 0.127909 seconds 
  Import took 0.132514 seconds .

========================================================================
Received Import Request.
  Time since last request: 2.895544 seconds.
  path: Assets/Character_animation/Boy/New/Materials/clothes1 1.mat
  artifactKey: Guid(fa06dc15625031346b143642cbb56a59) Importer(815301076,1909f56bfc062723c751e8b465ee728b)
Start importing Assets/Character_animation/Boy/New/Materials/clothes1 1.mat using Guid(fa06dc15625031346b143642cbb56a59) Importer(815301076,1909f56bfc062723c751e8b465ee728b)  -> (artifact id: '496b3336d3a1e2ac7adf720ff3f323f2') in 0.039537 seconds 
  Import took 0.044355 seconds .

========================================================================
Received Import Request.
  Time since last request: 0.000504 seconds.
  path: Assets/Character_animation/Boy/New/Materials/clothes1.mat
  artifactKey: Guid(c971bbd0962d07e48b4df73b85a43314) Importer(815301076,1909f56bfc062723c751e8b465ee728b)
Start importing Assets/Character_animation/Boy/New/Materials/clothes1.mat using Guid(c971bbd0962d07e48b4df73b85a43314) Importer(815301076,1909f56bfc062723c751e8b465ee728b)  -> (artifact id: '334d77e87cdb38e619cd2dd553057ccc') in 0.031611 seconds 
  Import took 0.036729 seconds .

========================================================================
Received Import Request.
  Time since last request: 0.000542 seconds.
  path: Assets/Character_animation/Boy/New/Materials/skin1.mat
  artifactKey: Guid(e6a2969d87293cc4e8fe14dbd576e8d8) Importer(815301076,1909f56bfc062723c751e8b465ee728b)
Start importing Assets/Character_animation/Boy/New/Materials/skin1.mat using Guid(e6a2969d87293cc4e8fe14dbd576e8d8) Importer(815301076,1909f56bfc062723c751e8b465ee728b)  -> (artifact id: '71204307bcfb6883ab81028b4ed4349e') in 0.032760 seconds 
  Import took 0.039334 seconds .

========================================================================
Received Import Request.
  Time since last request: 0.000604 seconds.
  path: Assets/Character_animation/Boy/New/Materials/skin1 1.mat
  artifactKey: Guid(983b4c916bee433439a8ab59b9776289) Importer(815301076,1909f56bfc062723c751e8b465ee728b)
Start importing Assets/Character_animation/Boy/New/Materials/skin1 1.mat using Guid(983b4c916bee433439a8ab59b9776289) Importer(815301076,1909f56bfc062723c751e8b465ee728b)  -> (artifact id: 'ec5069d33aae99f2dcb5691a15c63e3b') in 0.023078 seconds 
  Import took 0.028863 seconds .

========================================================================
Received Import Request.
  Time since last request: 31.964111 seconds.
  path: Assets/Character_animation/Boy/Boy.fbx
  artifactKey: Guid(0bbf42b627370c045bd7f715cc377103) Importer(815301076,1909f56bfc062723c751e8b465ee728b)
Start importing Assets/Character_animation/Boy/Boy.fbx using Guid(0bbf42b627370c045bd7f715cc377103) Importer(815301076,1909f56bfc062723c751e8b465ee728b)  -> (artifact id: 'f2c2243887cdd5b56baccb5ffc24a8ce') in 0.112420 seconds 
  Import took 0.121269 seconds .

========================================================================
Received Import Request.
  Time since last request: 0.000573 seconds.
  path: Assets/Character_animation/Boy/Boy_Costume_Texture.png
  artifactKey: Guid(3ea8a4b8c4f8f67498ca67e70b77383c) Importer(815301076,1909f56bfc062723c751e8b465ee728b)
Start importing Assets/Character_animation/Boy/Boy_Costume_Texture.png using Guid(3ea8a4b8c4f8f67498ca67e70b77383c) Importer(815301076,1909f56bfc062723c751e8b465ee728b)  -> (artifact id: 'c26110936d585bd441a1d3e073b8eb56') in 0.040567 seconds 
  Import took 0.046960 seconds .

========================================================================
Received Import Request.
  Time since last request: 111.623043 seconds.
  path: Assets/Character_animation/Boy/Boy.fbx
  artifactKey: Guid(0bbf42b627370c045bd7f715cc377103) Importer(815301076,1909f56bfc062723c751e8b465ee728b)
Start importing Assets/Character_animation/Boy/Boy.fbx using Guid(0bbf42b627370c045bd7f715cc377103) Importer(815301076,1909f56bfc062723c751e8b465ee728b)  -> (artifact id: '0ed3200ec29c09cbfd92bd95a7df5ff8') in 0.104057 seconds 
  Import took 0.112581 seconds .

========================================================================
Received Import Request.
  Time since last request: 0.000322 seconds.
  path: Assets/Character_animation/Boy/Boy@Idle (2).fbx
  artifactKey: Guid(541acff008023054c96b8acda79331e4) Importer(815301076,1909f56bfc062723c751e8b465ee728b)
Start importing Assets/Character_animation/Boy/Boy@Idle (2).fbx using Guid(541acff008023054c96b8acda79331e4) Importer(815301076,1909f56bfc062723c751e8b465ee728b)  -> (artifact id: '54813c033b5dca2fff94db5df2dd0d74') in 0.112508 seconds 
  Import took 0.117625 seconds .

========================================================================
Received Import Request.
  Time since last request: 24.294537 seconds.
  path: Assets/Character_animation/Boy/Boy@Idle (2).fbx
  artifactKey: Guid(541acff008023054c96b8acda79331e4) Importer(815301076,1909f56bfc062723c751e8b465ee728b)
Start importing Assets/Character_animation/Boy/Boy@Idle (2).fbx using Guid(541acff008023054c96b8acda79331e4) Importer(815301076,1909f56bfc062723c751e8b465ee728b)  -> (artifact id: 'a963f1c2da097b2dc89b9bf3915ff7be') in 0.092535 seconds 
  Import took 0.097273 seconds .

========================================================================
Received Import Request.
  Time since last request: 148.265412 seconds.
  path: Assets/Character_animation/Boy/Boy.fbx
  artifactKey: Guid(0bbf42b627370c045bd7f715cc377103) Importer(815301076,1909f56bfc062723c751e8b465ee728b)
Start importing Assets/Character_animation/Boy/Boy.fbx using Guid(0bbf42b627370c045bd7f715cc377103) Importer(815301076,1909f56bfc062723c751e8b465ee728b)  -> (artifact id: 'ca320c1740e6d2c228936761fe3acc7d') in 0.151377 seconds 
  Import took 0.158596 seconds .

========================================================================
Received Import Request.
  Time since last request: 0.000328 seconds.
  path: Assets/Character_animation/Boy/Boy@Idle (3).fbx
  artifactKey: Guid(6de48f216bbabad4caa7b2a8468cde15) Importer(815301076,1909f56bfc062723c751e8b465ee728b)
Start importing Assets/Character_animation/Boy/Boy@Idle (3).fbx using Guid(6de48f216bbabad4caa7b2a8468cde15) Importer(815301076,1909f56bfc062723c751e8b465ee728b)  -> (artifact id: '91d3dfdfc2667eb4b841eb633ccb2e1a') in 0.023899 seconds 
  Import took 0.029770 seconds .

========================================================================
Received Import Request.
  Time since last request: 10.069892 seconds.
  path: Assets/Character_animation/Boy/Boy@Idle (3).fbx
  artifactKey: Guid(6de48f216bbabad4caa7b2a8468cde15) Importer(815301076,1909f56bfc062723c751e8b465ee728b)
Start importing Assets/Character_animation/Boy/Boy@Idle (3).fbx using Guid(6de48f216bbabad4caa7b2a8468cde15) Importer(815301076,1909f56bfc062723c751e8b465ee728b)  -> (artifact id: '555ea6530f8917ea8453e8295b72e819') in 0.012895 seconds 
  Import took 0.020151 seconds .

========================================================================
Received Import Request.
  Time since last request: 638.024157 seconds.
  path: Assets/Character_animation/Boy/Boy_yeni@Idle.fbx
  artifactKey: Guid(7d11950faa0239a4198a23c26954c747) Importer(815301076,1909f56bfc062723c751e8b465ee728b)
Start importing Assets/Character_animation/Boy/Boy_yeni@Idle.fbx using Guid(7d11950faa0239a4198a23c26954c747) Importer(815301076,1909f56bfc062723c751e8b465ee728b)  -> (artifact id: '6eff23451936b29a5e461e9966fc497f') in 0.102635 seconds 
  Import took 0.112061 seconds .

========================================================================
Received Import Request.
  Time since last request: 29.416500 seconds.
  path: Assets/Character_animation/Boy/Boy_yeni@Idle.fbx
  artifactKey: Guid(7d11950faa0239a4198a23c26954c747) Importer(815301076,1909f56bfc062723c751e8b465ee728b)
Start importing Assets/Character_animation/Boy/Boy_yeni@Idle.fbx using Guid(7d11950faa0239a4198a23c26954c747) Importer(815301076,1909f56bfc062723c751e8b465ee728b)  -> (artifact id: '92a5d7bcce2e6de7c0b57c7040441924') in 0.050546 seconds 
  Import took 0.055767 seconds .

========================================================================
Received Import Request.
  Time since last request: 29.997355 seconds.
  path: Assets/Character_animation/Boy/Boy_yeni@Idle.fbx
  artifactKey: Guid(7d11950faa0239a4198a23c26954c747) Importer(815301076,1909f56bfc062723c751e8b465ee728b)
Start importing Assets/Character_animation/Boy/Boy_yeni@Idle.fbx using Guid(7d11950faa0239a4198a23c26954c747) Importer(815301076,1909f56bfc062723c751e8b465ee728b)  -> (artifact id: '3dbd21b7c64c65d2ac06b9d2fbf15b0f') in 0.058687 seconds 
  Import took 0.064642 seconds .

========================================================================
Received Import Request.
  Time since last request: 2.263577 seconds.
  path: Assets/Character_animation/Boy/Materials
  artifactKey: Guid(dfb1d4755b38f124da91262cfb1a6d0a) Importer(815301076,1909f56bfc062723c751e8b465ee728b)
Start importing Assets/Character_animation/Boy/Materials using Guid(dfb1d4755b38f124da91262cfb1a6d0a) Importer(815301076,1909f56bfc062723c751e8b465ee728b)  -> (artifact id: '1b918e0893ad7bda4959b8320f251531') in 0.005527 seconds 
  Import took 0.011330 seconds .

========================================================================
Received Import Request.
  Time since last request: 0.044108 seconds.
  path: Assets/Character_animation/Boy/Materials/clothes1.mat
  artifactKey: Guid(e16d0ca2b6f36d14c940d84d4f9bb367) Importer(815301076,1909f56bfc062723c751e8b465ee728b)
Start importing Assets/Character_animation/Boy/Materials/clothes1.mat using Guid(e16d0ca2b6f36d14c940d84d4f9bb367) Importer(815301076,1909f56bfc062723c751e8b465ee728b)  -> (artifact id: '3cada6ebad32e20b08cb4cb2c2c270b5') in 0.018122 seconds 
  Import took 0.024278 seconds .

========================================================================
Received Import Request.
  Time since last request: 0.000362 seconds.
  path: Assets/Character_animation/Boy/Materials/skin1.mat
  artifactKey: Guid(30394168a26759d4ea3da6f1587e42a5) Importer(815301076,1909f56bfc062723c751e8b465ee728b)
Start importing Assets/Character_animation/Boy/Materials/skin1.mat using Guid(30394168a26759d4ea3da6f1587e42a5) Importer(815301076,1909f56bfc062723c751e8b465ee728b)  -> (artifact id: 'ec519aa072f3fec5382521d37f540884') in 0.036397 seconds 
  Import took 0.040364 seconds .

========================================================================
Received Import Request.
  Time since last request: 67.491366 seconds.
  path: Assets/Character_animation/Boy/Boy_yeni@Running.fbx
  artifactKey: Guid(07fe3ab65f2c2bd4b82202f09a363b3b) Importer(815301076,1909f56bfc062723c751e8b465ee728b)
Start importing Assets/Character_animation/Boy/Boy_yeni@Running.fbx using Guid(07fe3ab65f2c2bd4b82202f09a363b3b) Importer(815301076,1909f56bfc062723c751e8b465ee728b)  -> (artifact id: '7a25f673bcafcda7aa372a3bb4e27ff3') in 0.024348 seconds 
  Import took 0.029471 seconds .

========================================================================
Received Import Request.
  Time since last request: 12.389310 seconds.
  path: Assets/Character_animation/Boy/BoyAnim.controller
  artifactKey: Guid(504d71520222e1447b98b43c358f654d) Importer(815301076,1909f56bfc062723c751e8b465ee728b)
Start importing Assets/Character_animation/Boy/BoyAnim.controller using Guid(504d71520222e1447b98b43c358f654d) Importer(815301076,1909f56bfc062723c751e8b465ee728b)  -> (artifact id: '61423dbf71b110c1e923da4845cdeb9a') in 0.018025 seconds 
  Import took 0.024137 seconds .

========================================================================
Received Import Request.
  Time since last request: 51.645717 seconds.
  path: Assets/Character_animation/Boy/Boy_yeni@Running.fbx
  artifactKey: Guid(07fe3ab65f2c2bd4b82202f09a363b3b) Importer(815301076,1909f56bfc062723c751e8b465ee728b)
Start importing Assets/Character_animation/Boy/Boy_yeni@Running.fbx using Guid(07fe3ab65f2c2bd4b82202f09a363b3b) Importer(815301076,1909f56bfc062723c751e8b465ee728b)  -> (artifact id: '7d35f6437e9b1d15c1cbce28657e9618') in 0.011119 seconds 
  Import took 0.016920 seconds .

========================================================================
Received Import Request.
  Time since last request: 45.731917 seconds.
  path: Assets/Prefabs/Wall.prefab
  artifactKey: Guid(e248b404e5fa98e4691e7e4c600f78dc) Importer(815301076,1909f56bfc062723c751e8b465ee728b)
Start importing Assets/Prefabs/Wall.prefab using Guid(e248b404e5fa98e4691e7e4c600f78dc) Importer(815301076,1909f56bfc062723c751e8b465ee728b)  -> (artifact id: '3021e99ee48d1d3e536798d43cd92584') in 0.039456 seconds 
  Import took 0.044950 seconds .

========================================================================
Received Import Request.
  Time since last request: 54.010047 seconds.
  path: Assets/Character_animation/Boy/Boy_yeni@Idle.fbx
  artifactKey: Guid(7d11950faa0239a4198a23c26954c747) Importer(815301076,1909f56bfc062723c751e8b465ee728b)
Start importing Assets/Character_animation/Boy/Boy_yeni@Idle.fbx using Guid(7d11950faa0239a4198a23c26954c747) Importer(815301076,1909f56bfc062723c751e8b465ee728b)  -> (artifact id: '740c5c4e5e4854bc67c7239c64abddc8') in 0.038677 seconds 
  Import took 0.043109 seconds .

========================================================================
Received Import Request.
  Time since last request: 10.746216 seconds.
  path: Assets/Character_animation/Boy/Boy_yeni@Running.fbx
  artifactKey: Guid(07fe3ab65f2c2bd4b82202f09a363b3b) Importer(815301076,1909f56bfc062723c751e8b465ee728b)
Start importing Assets/Character_animation/Boy/Boy_yeni@Running.fbx using Guid(07fe3ab65f2c2bd4b82202f09a363b3b) Importer(815301076,1909f56bfc062723c751e8b465ee728b)  -> (artifact id: 'a50a1f03e03a961285a83466cf4a281b') in 0.011320 seconds 
  Import took 0.017478 seconds .

========================================================================
Received Prepare
Registering precompiled user dll's ...
Registered in 0.006684 seconds.
Begin MonoManager ReloadAssembly
Native extension for WindowsStandalone target not found
Refreshing native plugins compatible for Editor in 0.57 ms, found 2 plugins.
Preloading 0 native plugins for Editor in 0.00 ms.
Mono: successfully reloaded assembly
- Completed reload, in  1.524 seconds
Domain Reload Profiling:
	ReloadAssembly (1525ms)
		BeginReloadAssembly (171ms)
			ExecutionOrderSort (0ms)
			DisableScriptedObjects (5ms)
			BackupInstance (0ms)
			ReleaseScriptingObjects (0ms)
			CreateAndSetChildDomain (50ms)
		EndReloadAssembly (1258ms)
			LoadAssemblies (167ms)
			RebuildTransferFunctionScriptingTraits (0ms)
			SetupTypeCache (510ms)
			ReleaseScriptCaches (1ms)
			RebuildScriptCaches (44ms)
			SetupLoadedEditorAssemblies (409ms)
				LogAssemblyErrors (0ms)
				InitializePlatformSupportModulesInManaged (8ms)
				SetLoadedEditorAssemblies (1ms)
				RefreshPlugins (1ms)
				BeforeProcessingInitializeOnLoad (116ms)
				ProcessInitializeOnLoadAttributes (262ms)
				ProcessInitializeOnLoadMethodAttributes (13ms)
				AfterProcessingInitializeOnLoad (8ms)
				EditorAssembliesLoaded (0ms)
			ExecutionOrderSort2 (0ms)
			AwakeInstancesAfterBackupRestoration (12ms)
Platform modules already initialized, skipping
Refreshing native plugins compatible for Editor in 0.54 ms, found 2 plugins.
Preloading 0 native plugins for Editor in 0.00 ms.
Unloading 1522 Unused Serialized files (Serialized files now loaded: 0)
System memory in use before: 100.1 MB.
System memory in use after: 100.2 MB.

Unloading 14 unused Assets to reduce memory usage. Loaded Objects now: 2053.
Total: 5.063700 ms (FindLiveObjects: 0.305000 ms CreateObjectMapping: 0.153700 ms MarkObjects: 4.567000 ms  DeleteObjects: 0.036900 ms)

AssetImportParameters requested are different than current active one (requested -> active):
  custom:framework-win-MediaFoundation: 216162199b28c13a410421893ffa2e32 -> 
  custom:video-decoder-ogg-theora: a1e56fd34408186e4bbccfd4996cb3dc -> 
  custom:container-muxer-webm: aa71ff27fc2769a1b78a27578f13a17b -> 
  custom:container-demuxer-webm: 4f35f7cbe854078d1ac9338744f61a02 -> 
  custom:container-demuxer-ogg: 62fdf1f143b41e24485cea50d1cbac27 -> 
  custom:video-encoder-webm-vp8: eb34c28f22e8b96e1ab97ce403110664 -> 
  custom:video-decoder-webm-vp8: 9c59270c3fd7afecdb556c50c9e8de78 -> 
  custom:audio-decoder-ogg-vorbis: bf7c407c2cedff20999df2af8eb42d56 -> 
  custom:audio-encoder-webm-vorbis: bf7c407c2cedff20999df2af8eb42d56 -> 
========================================================================
Received Import Request.
  Time since last request: 125.050374 seconds.
  path: Assets/Character_animation/Boy/Boy_yeni@Running.fbx
  artifactKey: Guid(07fe3ab65f2c2bd4b82202f09a363b3b) Importer(815301076,1909f56bfc062723c751e8b465ee728b)
Start importing Assets/Character_animation/Boy/Boy_yeni@Running.fbx using Guid(07fe3ab65f2c2bd4b82202f09a363b3b) Importer(815301076,1909f56bfc062723c751e8b465ee728b)  -> (artifact id: '82143c2b1111ad50f8562eab5c3eadab') in 0.045734 seconds 
  Import took 0.050813 seconds .

========================================================================
Received Import Request.
  Time since last request: 1.238010 seconds.
  path: Assets/Character_animation/Boy/Boy_yeni@Idle.fbx
  artifactKey: Guid(7d11950faa0239a4198a23c26954c747) Importer(815301076,1909f56bfc062723c751e8b465ee728b)
Start importing Assets/Character_animation/Boy/Boy_yeni@Idle.fbx using Guid(7d11950faa0239a4198a23c26954c747) Importer(815301076,1909f56bfc062723c751e8b465ee728b)  -> (artifact id: '65abec6e3ba3894aef6ff9c594b8d46e') in 0.114062 seconds 
  Import took 0.120970 seconds .

========================================================================
Received Prepare
Registering precompiled user dll's ...
Registered in 0.007248 seconds.
Begin MonoManager ReloadAssembly
Native extension for WindowsStandalone target not found
Refreshing native plugins compatible for Editor in 0.68 ms, found 2 plugins.
Preloading 0 native plugins for Editor in 0.00 ms.
Mono: successfully reloaded assembly
- Completed reload, in  2.101 seconds
Domain Reload Profiling:
	ReloadAssembly (2101ms)
		BeginReloadAssembly (221ms)
			ExecutionOrderSort (0ms)
			DisableScriptedObjects (8ms)
			BackupInstance (0ms)
			ReleaseScriptingObjects (0ms)
			CreateAndSetChildDomain (57ms)
		EndReloadAssembly (1738ms)
			LoadAssemblies (229ms)
			RebuildTransferFunctionScriptingTraits (0ms)
			SetupTypeCache (576ms)
			ReleaseScriptCaches (2ms)
			RebuildScriptCaches (85ms)
			SetupLoadedEditorAssemblies (642ms)
				LogAssemblyErrors (0ms)
				InitializePlatformSupportModulesInManaged (9ms)
				SetLoadedEditorAssemblies (1ms)
				RefreshPlugins (1ms)
				BeforeProcessingInitializeOnLoad (170ms)
				ProcessInitializeOnLoadAttributes (422ms)
				ProcessInitializeOnLoadMethodAttributes (23ms)
				AfterProcessingInitializeOnLoad (15ms)
				EditorAssembliesLoaded (1ms)
			ExecutionOrderSort2 (0ms)
			AwakeInstancesAfterBackupRestoration (17ms)
Platform modules already initialized, skipping
Refreshing native plugins compatible for Editor in 0.73 ms, found 2 plugins.
Preloading 0 native plugins for Editor in 0.00 ms.
Unloading 1522 Unused Serialized files (Serialized files now loaded: 0)
System memory in use before: 100.1 MB.
System memory in use after: 100.2 MB.

Unloading 13 unused Assets to reduce memory usage. Loaded Objects now: 2056.
Total: 5.046000 ms (FindLiveObjects: 0.167000 ms CreateObjectMapping: 0.152100 ms MarkObjects: 4.690400 ms  DeleteObjects: 0.035000 ms)

AssetImportParameters requested are different than current active one (requested -> active):
  custom:framework-win-MediaFoundation: 216162199b28c13a410421893ffa2e32 -> 
  custom:video-decoder-ogg-theora: a1e56fd34408186e4bbccfd4996cb3dc -> 
  custom:container-muxer-webm: aa71ff27fc2769a1b78a27578f13a17b -> 
  custom:container-demuxer-webm: 4f35f7cbe854078d1ac9338744f61a02 -> 
  custom:container-demuxer-ogg: 62fdf1f143b41e24485cea50d1cbac27 -> 
  custom:video-encoder-webm-vp8: eb34c28f22e8b96e1ab97ce403110664 -> 
  custom:video-decoder-webm-vp8: 9c59270c3fd7afecdb556c50c9e8de78 -> 
  custom:audio-decoder-ogg-vorbis: bf7c407c2cedff20999df2af8eb42d56 -> 
  custom:audio-encoder-webm-vorbis: bf7c407c2cedff20999df2af8eb42d56 -> 
========================================================================
Received Import Request.
  Time since last request: 148.910081 seconds.
  path: Assets/Character_animation/Boy/Boy_yeni@Running.fbx
  artifactKey: Guid(07fe3ab65f2c2bd4b82202f09a363b3b) Importer(815301076,1909f56bfc062723c751e8b465ee728b)
Start importing Assets/Character_animation/Boy/Boy_yeni@Running.fbx using Guid(07fe3ab65f2c2bd4b82202f09a363b3b) Importer(815301076,1909f56bfc062723c751e8b465ee728b)  -> (artifact id: 'c9de87d58d2cfdad15ee74953fbb4ae3') in 0.053913 seconds 
  Import took 0.060375 seconds .

========================================================================
Received Prepare
Registering precompiled user dll's ...
Registered in 0.006625 seconds.
Begin MonoManager ReloadAssembly
Native extension for WindowsStandalone target not found
Refreshing native plugins compatible for Editor in 0.56 ms, found 2 plugins.
Preloading 0 native plugins for Editor in 0.00 ms.
Mono: successfully reloaded assembly
- Completed reload, in  1.499 seconds
Domain Reload Profiling:
	ReloadAssembly (1500ms)
		BeginReloadAssembly (156ms)
			ExecutionOrderSort (0ms)
			DisableScriptedObjects (5ms)
			BackupInstance (0ms)
			ReleaseScriptingObjects (0ms)
			CreateAndSetChildDomain (47ms)
		EndReloadAssembly (1256ms)
			LoadAssemblies (137ms)
			RebuildTransferFunctionScriptingTraits (0ms)
			SetupTypeCache (492ms)
			ReleaseScriptCaches (2ms)
			RebuildScriptCaches (54ms)
			SetupLoadedEditorAssemblies (427ms)
				LogAssemblyErrors (0ms)
				InitializePlatformSupportModulesInManaged (6ms)
				SetLoadedEditorAssemblies (1ms)
				RefreshPlugins (1ms)
				BeforeProcessingInitializeOnLoad (110ms)
				ProcessInitializeOnLoadAttributes (284ms)
				ProcessInitializeOnLoadMethodAttributes (13ms)
				AfterProcessingInitializeOnLoad (12ms)
				EditorAssembliesLoaded (0ms)
			ExecutionOrderSort2 (0ms)
			AwakeInstancesAfterBackupRestoration (10ms)
Platform modules already initialized, skipping
Refreshing native plugins compatible for Editor in 0.48 ms, found 2 plugins.
Preloading 0 native plugins for Editor in 0.00 ms.
Unloading 1522 Unused Serialized files (Serialized files now loaded: 0)
System memory in use before: 100.1 MB.
System memory in use after: 100.3 MB.

Unloading 13 unused Assets to reduce memory usage. Loaded Objects now: 2058.
Total: 3.865500 ms (FindLiveObjects: 0.162800 ms CreateObjectMapping: 0.118700 ms MarkObjects: 3.553000 ms  DeleteObjects: 0.029700 ms)

AssetImportParameters requested are different than current active one (requested -> active):
  custom:framework-win-MediaFoundation: 216162199b28c13a410421893ffa2e32 -> 
  custom:video-decoder-ogg-theora: a1e56fd34408186e4bbccfd4996cb3dc -> 
  custom:container-muxer-webm: aa71ff27fc2769a1b78a27578f13a17b -> 
  custom:container-demuxer-webm: 4f35f7cbe854078d1ac9338744f61a02 -> 
  custom:container-demuxer-ogg: 62fdf1f143b41e24485cea50d1cbac27 -> 
  custom:video-encoder-webm-vp8: eb34c28f22e8b96e1ab97ce403110664 -> 
  custom:video-decoder-webm-vp8: 9c59270c3fd7afecdb556c50c9e8de78 -> 
  custom:audio-decoder-ogg-vorbis: bf7c407c2cedff20999df2af8eb42d56 -> 
  custom:audio-encoder-webm-vorbis: bf7c407c2cedff20999df2af8eb42d56 -> 
========================================================================
Received Import Request.
  Time since last request: 48.400367 seconds.
  path: Assets/Character_animation/Boy/Boy_yeni@Idle.fbx
  artifactKey: Guid(7d11950faa0239a4198a23c26954c747) Importer(815301076,1909f56bfc062723c751e8b465ee728b)
Start importing Assets/Character_animation/Boy/Boy_yeni@Idle.fbx using Guid(7d11950faa0239a4198a23c26954c747) Importer(815301076,1909f56bfc062723c751e8b465ee728b)  -> (artifact id: '07df345be19f67545977e821b0450ad4') in 0.114703 seconds 
  Import took 0.119975 seconds .

========================================================================
Received Prepare
Registering precompiled user dll's ...
Registered in 0.007717 seconds.
Begin MonoManager ReloadAssembly
Native extension for WindowsStandalone target not found
Refreshing native plugins compatible for Editor in 0.57 ms, found 2 plugins.
Preloading 0 native plugins for Editor in 0.00 ms.
Mono: successfully reloaded assembly
- Completed reload, in  1.950 seconds
Domain Reload Profiling:
	ReloadAssembly (1951ms)
		BeginReloadAssembly (262ms)
			ExecutionOrderSort (0ms)
			DisableScriptedObjects (11ms)
			BackupInstance (0ms)
			ReleaseScriptingObjects (0ms)
			CreateAndSetChildDomain (69ms)
		EndReloadAssembly (1526ms)
			LoadAssemblies (230ms)
			RebuildTransferFunctionScriptingTraits (0ms)
			SetupTypeCache (498ms)
			ReleaseScriptCaches (2ms)
			RebuildScriptCaches (81ms)
			SetupLoadedEditorAssemblies (578ms)
				LogAssemblyErrors (0ms)
				InitializePlatformSupportModulesInManaged (9ms)
				SetLoadedEditorAssemblies (1ms)
				RefreshPlugins (1ms)
				BeforeProcessingInitializeOnLoad (162ms)
				ProcessInitializeOnLoadAttributes (372ms)
				ProcessInitializeOnLoadMethodAttributes (18ms)
				AfterProcessingInitializeOnLoad (14ms)
				EditorAssembliesLoaded (1ms)
			ExecutionOrderSort2 (0ms)
			AwakeInstancesAfterBackupRestoration (15ms)
Platform modules already initialized, skipping
Refreshing native plugins compatible for Editor in 0.67 ms, found 2 plugins.
Preloading 0 native plugins for Editor in 0.00 ms.
Unloading 1522 Unused Serialized files (Serialized files now loaded: 0)
System memory in use before: 100.2 MB.
System memory in use after: 100.3 MB.

Unloading 13 unused Assets to reduce memory usage. Loaded Objects now: 2061.
Total: 5.988000 ms (FindLiveObjects: 0.283000 ms CreateObjectMapping: 0.134300 ms MarkObjects: 5.367400 ms  DeleteObjects: 0.200900 ms)

AssetImportParameters requested are different than current active one (requested -> active):
  custom:framework-win-MediaFoundation: 216162199b28c13a410421893ffa2e32 -> 
  custom:video-decoder-ogg-theora: a1e56fd34408186e4bbccfd4996cb3dc -> 
  custom:container-muxer-webm: aa71ff27fc2769a1b78a27578f13a17b -> 
  custom:container-demuxer-webm: 4f35f7cbe854078d1ac9338744f61a02 -> 
  custom:container-demuxer-ogg: 62fdf1f143b41e24485cea50d1cbac27 -> 
  custom:video-encoder-webm-vp8: eb34c28f22e8b96e1ab97ce403110664 -> 
  custom:video-decoder-webm-vp8: 9c59270c3fd7afecdb556c50c9e8de78 -> 
  custom:audio-decoder-ogg-vorbis: bf7c407c2cedff20999df2af8eb42d56 -> 
  custom:audio-encoder-webm-vorbis: bf7c407c2cedff20999df2af8eb42d56 -> 
========================================================================
Received Import Request.
  Time since last request: 26.109873 seconds.
  path: Assets/Character_animation/Boy/Boy_yeni@Running.fbx
  artifactKey: Guid(07fe3ab65f2c2bd4b82202f09a363b3b) Importer(815301076,1909f56bfc062723c751e8b465ee728b)
Start importing Assets/Character_animation/Boy/Boy_yeni@Running.fbx using Guid(07fe3ab65f2c2bd4b82202f09a363b3b) Importer(815301076,1909f56bfc062723c751e8b465ee728b)  -> (artifact id: 'ce14656b7b780c4eda16f93b67fcc672') in 0.054653 seconds 
  Import took 0.062624 seconds .

========================================================================
Received Import Request.
  Time since last request: 13.156874 seconds.
  path: Assets/Character_animation/Boy/Boy_yeni@Running.fbx
  artifactKey: Guid(07fe3ab65f2c2bd4b82202f09a363b3b) Importer(815301076,1909f56bfc062723c751e8b465ee728b)
Start importing Assets/Character_animation/Boy/Boy_yeni@Running.fbx using Guid(07fe3ab65f2c2bd4b82202f09a363b3b) Importer(815301076,1909f56bfc062723c751e8b465ee728b)  -> (artifact id: '91c800056dbba6cce96e4043e96fbf03') in 0.014096 seconds 
  Import took 0.019310 seconds .

========================================================================
Received Import Request.
  Time since last request: 10.992278 seconds.
  path: Assets/Character_animation/Boy/Boy_yeni@Running.fbx
  artifactKey: Guid(07fe3ab65f2c2bd4b82202f09a363b3b) Importer(815301076,1909f56bfc062723c751e8b465ee728b)
Start importing Assets/Character_animation/Boy/Boy_yeni@Running.fbx using Guid(07fe3ab65f2c2bd4b82202f09a363b3b) Importer(815301076,1909f56bfc062723c751e8b465ee728b)  -> (artifact id: '76b502778003a472723bd9caa5fa0cfb') in 0.010438 seconds 
  Import took 0.018642 seconds .

========================================================================
Received Import Request.
  Time since last request: 33.899872 seconds.
  path: Assets/Character_animation/Boy/Boy_yeni@Idle.fbx
  artifactKey: Guid(7d11950faa0239a4198a23c26954c747) Importer(815301076,1909f56bfc062723c751e8b465ee728b)
Start importing Assets/Character_animation/Boy/Boy_yeni@Idle.fbx using Guid(7d11950faa0239a4198a23c26954c747) Importer(815301076,1909f56bfc062723c751e8b465ee728b)  -> (artifact id: '8f539e02db5cc4679de7d58a257429ed') in 0.130868 seconds 
  Import took 0.137744 seconds .

========================================================================
Received Import Request.
  Time since last request: 26.184001 seconds.
  path: Assets/Character_animation/Boy/Boy_yeni@Running.fbx
  artifactKey: Guid(07fe3ab65f2c2bd4b82202f09a363b3b) Importer(815301076,1909f56bfc062723c751e8b465ee728b)
Start importing Assets/Character_animation/Boy/Boy_yeni@Running.fbx using Guid(07fe3ab65f2c2bd4b82202f09a363b3b) Importer(815301076,1909f56bfc062723c751e8b465ee728b)  -> (artifact id: '4687ab59dd7b422f5f613c55816a7d64') in 0.010738 seconds 
  Import took 0.017658 seconds .

========================================================================
Received Prepare
Registering precompiled user dll's ...
Registered in 0.008088 seconds.
Begin MonoManager ReloadAssembly
Native extension for WindowsStandalone target not found
Refreshing native plugins compatible for Editor in 0.59 ms, found 2 plugins.
Preloading 0 native plugins for Editor in 0.00 ms.
Mono: successfully reloaded assembly
- Completed reload, in  1.601 seconds
Domain Reload Profiling:
	ReloadAssembly (1602ms)
		BeginReloadAssembly (219ms)
			ExecutionOrderSort (0ms)
			DisableScriptedObjects (9ms)
			BackupInstance (0ms)
			ReleaseScriptingObjects (0ms)
			CreateAndSetChildDomain (70ms)
		EndReloadAssembly (1280ms)
			LoadAssemblies (181ms)
			RebuildTransferFunctionScriptingTraits (0ms)
			SetupTypeCache (413ms)
			ReleaseScriptCaches (1ms)
			RebuildScriptCaches (59ms)
			SetupLoadedEditorAssemblies (475ms)
				LogAssemblyErrors (0ms)
				InitializePlatformSupportModulesInManaged (8ms)
				SetLoadedEditorAssemblies (1ms)
				RefreshPlugins (1ms)
				BeforeProcessingInitializeOnLoad (136ms)
				ProcessInitializeOnLoadAttributes (303ms)
				ProcessInitializeOnLoadMethodAttributes (14ms)
				AfterProcessingInitializeOnLoad (12ms)
				EditorAssembliesLoaded (0ms)
			ExecutionOrderSort2 (0ms)
			AwakeInstancesAfterBackupRestoration (12ms)
Platform modules already initialized, skipping
Refreshing native plugins compatible for Editor in 0.49 ms, found 2 plugins.
Preloading 0 native plugins for Editor in 0.00 ms.
Unloading 1522 Unused Serialized files (Serialized files now loaded: 0)
System memory in use before: 100.2 MB.
System memory in use after: 100.3 MB.

Unloading 13 unused Assets to reduce memory usage. Loaded Objects now: 2064.
Total: 4.327300 ms (FindLiveObjects: 0.394500 ms CreateObjectMapping: 0.131300 ms MarkObjects: 3.752700 ms  DeleteObjects: 0.047900 ms)

AssetImportParameters requested are different than current active one (requested -> active):
  custom:framework-win-MediaFoundation: 216162199b28c13a410421893ffa2e32 -> 
  custom:video-decoder-ogg-theora: a1e56fd34408186e4bbccfd4996cb3dc -> 
  custom:container-muxer-webm: aa71ff27fc2769a1b78a27578f13a17b -> 
  custom:container-demuxer-webm: 4f35f7cbe854078d1ac9338744f61a02 -> 
  custom:container-demuxer-ogg: 62fdf1f143b41e24485cea50d1cbac27 -> 
  custom:video-encoder-webm-vp8: eb34c28f22e8b96e1ab97ce403110664 -> 
  custom:video-decoder-webm-vp8: 9c59270c3fd7afecdb556c50c9e8de78 -> 
  custom:audio-decoder-ogg-vorbis: bf7c407c2cedff20999df2af8eb42d56 -> 
  custom:audio-encoder-webm-vorbis: bf7c407c2cedff20999df2af8eb42d56 -> 
========================================================================
Received Import Request.
  Time since last request: 217.231991 seconds.
  path: Assets/Prefabs/Boy.prefab
  artifactKey: Guid(22a04f3e43a0b5f42b6aa191f8f98d51) Importer(815301076,1909f56bfc062723c751e8b465ee728b)
Start importing Assets/Prefabs/Boy.prefab using Guid(22a04f3e43a0b5f42b6aa191f8f98d51) Importer(815301076,1909f56bfc062723c751e8b465ee728b) The Animator Controller (BoyAnim) you have used is not valid. Animations will not play
UnityEngine.StackTraceUtility:ExtractStackTrace ()
UnityEditor.EditorUtility:Internal_InstantiateRemoveAllNonAnimationComponentsSingle (UnityEngine.Object,UnityEngine.Vector3,UnityEngine.Quaternion)
UnityEditor.EditorUtility:InstantiateRemoveAllNonAnimationComponents (UnityEngine.Object,UnityEngine.Vector3,UnityEngine.Quaternion)
UnityEditor.EditorUtility:InstantiateForAnimatorPreview (UnityEngine.Object)
UnityEditor.GameObjectInspector/PreviewData:UpdateGameObject (UnityEngine.Object)
UnityEditor.GameObjectInspector/PreviewData:.ctor (UnityEngine.Object)
UnityEditor.GameObjectInspector:GetPreviewData ()
UnityEditor.GameObjectInspector:RenderStaticPreview (string,UnityEngine.Object[],int,int)
UnityEditor.AssetPreviewUpdater:CreatePreviewForAsset (UnityEngine.Object,UnityEngine.Object[],string)

[C:\buildslave\unity\build\Modules/Animation/Director/AnimatorControllerPlayable.cpp line 333]

The Animator Controller (BoyAnim) you have used is not valid. Animations will not play
UnityEngine.StackTraceUtility:ExtractStackTrace ()
UnityEditor.EditorUtility:InitInstantiatedPreviewRecursive (UnityEngine.GameObject)
UnityEditor.EditorUtility:InstantiateForAnimatorPreview (UnityEngine.Object)
UnityEditor.GameObjectInspector/PreviewData:UpdateGameObject (UnityEngine.Object)
UnityEditor.GameObjectInspector/PreviewData:.ctor (UnityEngine.Object)
UnityEditor.GameObjectInspector:GetPreviewData ()
UnityEditor.GameObjectInspector:RenderStaticPreview (string,UnityEngine.Object[],int,int)
UnityEditor.AssetPreviewUpdater:CreatePreviewForAsset (UnityEngine.Object,UnityEngine.Object[],string)

[C:\buildslave\unity\build\Modules/Animation/Director/AnimatorControllerPlayable.cpp line 333]

 -> (artifact id: '58b44e23326364e9b8189ebc1165a4a9') in 0.117754 seconds 
  Import took 0.124726 seconds .

========================================================================
Received Prepare
Registering precompiled user dll's ...
Registered in 0.005251 seconds.
Begin MonoManager ReloadAssembly
Native extension for WindowsStandalone target not found
Refreshing native plugins compatible for Editor in 0.44 ms, found 2 plugins.
Preloading 0 native plugins for Editor in 0.00 ms.
Mono: successfully reloaded assembly
- Completed reload, in  1.736 seconds
Domain Reload Profiling:
	ReloadAssembly (1737ms)
		BeginReloadAssembly (182ms)
			ExecutionOrderSort (0ms)
			DisableScriptedObjects (6ms)
			BackupInstance (0ms)
			ReleaseScriptingObjects (0ms)
			CreateAndSetChildDomain (45ms)
		EndReloadAssembly (1469ms)
			LoadAssemblies (163ms)
			RebuildTransferFunctionScriptingTraits (0ms)
			SetupTypeCache (559ms)
			ReleaseScriptCaches (1ms)
			RebuildScriptCaches (65ms)
			SetupLoadedEditorAssemblies (543ms)
				LogAssemblyErrors (0ms)
				InitializePlatformSupportModulesInManaged (10ms)
				SetLoadedEditorAssemblies (1ms)
				RefreshPlugins (1ms)
				BeforeProcessingInitializeOnLoad (155ms)
				ProcessInitializeOnLoadAttributes (357ms)
				ProcessInitializeOnLoadMethodAttributes (10ms)
				AfterProcessingInitializeOnLoad (9ms)
				EditorAssembliesLoaded (0ms)
			ExecutionOrderSort2 (0ms)
			AwakeInstancesAfterBackupRestoration (10ms)
Platform modules already initialized, skipping
Refreshing native plugins compatible for Editor in 0.54 ms, found 2 plugins.
Preloading 0 native plugins for Editor in 0.00 ms.
Unloading 1522 Unused Serialized files (Serialized files now loaded: 0)
System memory in use before: 100.3 MB.
System memory in use after: 100.4 MB.

Unloading 13 unused Assets to reduce memory usage. Loaded Objects now: 2067.
Total: 3.837400 ms (FindLiveObjects: 0.229800 ms CreateObjectMapping: 0.092000 ms MarkObjects: 3.491400 ms  DeleteObjects: 0.023100 ms)

AssetImportParameters requested are different than current active one (requested -> active):
  custom:framework-win-MediaFoundation: 216162199b28c13a410421893ffa2e32 -> 
  custom:video-decoder-ogg-theora: a1e56fd34408186e4bbccfd4996cb3dc -> 
  custom:container-muxer-webm: aa71ff27fc2769a1b78a27578f13a17b -> 
  custom:container-demuxer-webm: 4f35f7cbe854078d1ac9338744f61a02 -> 
  custom:container-demuxer-ogg: 62fdf1f143b41e24485cea50d1cbac27 -> 
  custom:video-encoder-webm-vp8: eb34c28f22e8b96e1ab97ce403110664 -> 
  custom:video-decoder-webm-vp8: 9c59270c3fd7afecdb556c50c9e8de78 -> 
  custom:audio-decoder-ogg-vorbis: bf7c407c2cedff20999df2af8eb42d56 -> 
  custom:audio-encoder-webm-vorbis: bf7c407c2cedff20999df2af8eb42d56 -> 
========================================================================
Received Prepare
Registering precompiled user dll's ...
Registered in 0.006773 seconds.
Begin MonoManager ReloadAssembly
Native extension for WindowsStandalone target not found
Refreshing native plugins compatible for Editor in 0.69 ms, found 2 plugins.
Preloading 0 native plugins for Editor in 0.00 ms.
Mono: successfully reloaded assembly
- Completed reload, in  1.475 seconds
Domain Reload Profiling:
	ReloadAssembly (1475ms)
		BeginReloadAssembly (176ms)
			ExecutionOrderSort (0ms)
			DisableScriptedObjects (7ms)
			BackupInstance (0ms)
			ReleaseScriptingObjects (0ms)
			CreateAndSetChildDomain (52ms)
		EndReloadAssembly (1182ms)
			LoadAssemblies (137ms)
			RebuildTransferFunctionScriptingTraits (0ms)
			SetupTypeCache (482ms)
			ReleaseScriptCaches (1ms)
			RebuildScriptCaches (53ms)
			SetupLoadedEditorAssemblies (391ms)
				LogAssemblyErrors (0ms)
				InitializePlatformSupportModulesInManaged (6ms)
				SetLoadedEditorAssemblies (1ms)
				RefreshPlugins (1ms)
				BeforeProcessingInitializeOnLoad (112ms)
				ProcessInitializeOnLoadAttributes (246ms)
				ProcessInitializeOnLoadMethodAttributes (13ms)
				AfterProcessingInitializeOnLoad (12ms)
				EditorAssembliesLoaded (0ms)
			ExecutionOrderSort2 (0ms)
			AwakeInstancesAfterBackupRestoration (8ms)
Platform modules already initialized, skipping
Refreshing native plugins compatible for Editor in 0.86 ms, found 2 plugins.
Preloading 0 native plugins for Editor in 0.00 ms.
Unloading 1522 Unused Serialized files (Serialized files now loaded: 0)
System memory in use before: 100.3 MB.
System memory in use after: 100.4 MB.

Unloading 13 unused Assets to reduce memory usage. Loaded Objects now: 2069.
Total: 5.462200 ms (FindLiveObjects: 0.200800 ms CreateObjectMapping: 0.101400 ms MarkObjects: 5.072000 ms  DeleteObjects: 0.086900 ms)

AssetImportParameters requested are different than current active one (requested -> active):
  custom:framework-win-MediaFoundation: 216162199b28c13a410421893ffa2e32 -> 
  custom:video-decoder-ogg-theora: a1e56fd34408186e4bbccfd4996cb3dc -> 
  custom:container-muxer-webm: aa71ff27fc2769a1b78a27578f13a17b -> 
  custom:container-demuxer-webm: 4f35f7cbe854078d1ac9338744f61a02 -> 
  custom:container-demuxer-ogg: 62fdf1f143b41e24485cea50d1cbac27 -> 
  custom:video-encoder-webm-vp8: eb34c28f22e8b96e1ab97ce403110664 -> 
  custom:video-decoder-webm-vp8: 9c59270c3fd7afecdb556c50c9e8de78 -> 
  custom:audio-decoder-ogg-vorbis: bf7c407c2cedff20999df2af8eb42d56 -> 
  custom:audio-encoder-webm-vorbis: bf7c407c2cedff20999df2af8eb42d56 -> 
========================================================================
Received Import Request.
  Time since last request: 265.567724 seconds.
  path: Assets/Prefabs/HorizontalObstacle.prefab
  artifactKey: Guid(b7e7627dec70b044ea3e6e0861a09dfc) Importer(815301076,1909f56bfc062723c751e8b465ee728b)
Start importing Assets/Prefabs/HorizontalObstacle.prefab using Guid(b7e7627dec70b044ea3e6e0861a09dfc) Importer(815301076,1909f56bfc062723c751e8b465ee728b)  -> (artifact id: '4241956398ad250090c2f9ec6ec5cba7') in 0.116098 seconds 
  Import took 0.121209 seconds .

========================================================================
Received Prepare
Registering precompiled user dll's ...
Registered in 0.005275 seconds.
Begin MonoManager ReloadAssembly
Native extension for WindowsStandalone target not found
Refreshing native plugins compatible for Editor in 0.71 ms, found 2 plugins.
Preloading 0 native plugins for Editor in 0.00 ms.
Mono: successfully reloaded assembly
- Completed reload, in  1.346 seconds
Domain Reload Profiling:
	ReloadAssembly (1347ms)
		BeginReloadAssembly (174ms)
			ExecutionOrderSort (0ms)
			DisableScriptedObjects (8ms)
			BackupInstance (0ms)
			ReleaseScriptingObjects (0ms)
			CreateAndSetChildDomain (48ms)
		EndReloadAssembly (1088ms)
			LoadAssemblies (152ms)
			RebuildTransferFunctionScriptingTraits (0ms)
			SetupTypeCache (444ms)
			ReleaseScriptCaches (1ms)
			RebuildScriptCaches (46ms)
			SetupLoadedEditorAssemblies (359ms)
				LogAssemblyErrors (0ms)
				InitializePlatformSupportModulesInManaged (5ms)
				SetLoadedEditorAssemblies (1ms)
				RefreshPlugins (1ms)
				BeforeProcessingInitializeOnLoad (95ms)
				ProcessInitializeOnLoadAttributes (238ms)
				ProcessInitializeOnLoadMethodAttributes (11ms)
				AfterProcessingInitializeOnLoad (8ms)
				EditorAssembliesLoaded (0ms)
			ExecutionOrderSort2 (0ms)
			AwakeInstancesAfterBackupRestoration (9ms)
Platform modules already initialized, skipping
Refreshing native plugins compatible for Editor in 0.48 ms, found 2 plugins.
Preloading 0 native plugins for Editor in 0.00 ms.
Unloading 1522 Unused Serialized files (Serialized files now loaded: 0)
System memory in use before: 100.3 MB.
System memory in use after: 100.4 MB.

Unloading 13 unused Assets to reduce memory usage. Loaded Objects now: 2072.
Total: 4.962300 ms (FindLiveObjects: 0.401100 ms CreateObjectMapping: 0.071800 ms MarkObjects: 4.441600 ms  DeleteObjects: 0.046400 ms)

AssetImportParameters requested are different than current active one (requested -> active):
  custom:framework-win-MediaFoundation: 216162199b28c13a410421893ffa2e32 -> 
  custom:video-decoder-ogg-theora: a1e56fd34408186e4bbccfd4996cb3dc -> 
  custom:container-muxer-webm: aa71ff27fc2769a1b78a27578f13a17b -> 
  custom:container-demuxer-webm: 4f35f7cbe854078d1ac9338744f61a02 -> 
  custom:container-demuxer-ogg: 62fdf1f143b41e24485cea50d1cbac27 -> 
  custom:video-encoder-webm-vp8: eb34c28f22e8b96e1ab97ce403110664 -> 
  custom:video-decoder-webm-vp8: 9c59270c3fd7afecdb556c50c9e8de78 -> 
  custom:audio-decoder-ogg-vorbis: bf7c407c2cedff20999df2af8eb42d56 -> 
  custom:audio-encoder-webm-vorbis: bf7c407c2cedff20999df2af8eb42d56 -> 
AssetImportWorkerClient::OnTransportError - code=2 error=End of file
