Using pre-set license
Built from '2020.3/staging' branch; Version is '2020.3.29f1 (2ff179115da0) revision 3142009'; Using compiler version '192528614'; Build Type 'Release'
OS: 'Windows 10  (10.0.19044) 64bit Professional' Language: 'tr' Physical Memory: 16275 MB
BatchMode: 1, IsHumanControllingUs: 0, StartBugReporterOnCrash: 0, Is64bit: 1, IsPro: 0

COMMAND LINE ARGUMENTS:
C:\Program Files\Unity\Hub\Editor\2020.3.29f1\Editor\Unity.exe
-adb2
-batchMode
-noUpm
-name
AssetImportWorker0
-projectPath
C:/Users/mcang/Desktop/PlatformRunner_Pantheon/Platform Runner/PlatformRunner
-logFile
Logs/AssetImportWorker0.log
-srvPort
62358
Successfully changed project path to: C:/Users/mcang/Desktop/PlatformRunner_Pantheon/Platform Runner/PlatformRunner
C:/Users/mcang/Desktop/PlatformRunner_Pantheon/Platform Runner/PlatformRunner
Using Asset Import Pipeline V2.
Refreshing native plugins compatible for Editor in 34.64 ms, found 2 plugins.
Preloading 0 native plugins for Editor in 0.00 ms.
Initialize engine version: 2020.3.29f1 (2ff179115da0)
[Subsystems] Discovering subsystems at path C:/Program Files/Unity/Hub/Editor/2020.3.29f1/Editor/Data/Resources/UnitySubsystems
[Subsystems] Discovering subsystems at path C:/Users/mcang/Desktop/PlatformRunner_Pantheon/Platform Runner/PlatformRunner/Assets
GfxDevice: creating device client; threaded=0
Direct3D:
    Version:  Direct3D 11.0 [level 11.1]
    Renderer: NVIDIA GeForce GTX 1050 Ti (ID=0x1c8c)
    Vendor:   
    VRAM:     4019 MB
    Driver:   30.0.14.7212
Initialize mono
Mono path[0] = 'C:/Program Files/Unity/Hub/Editor/2020.3.29f1/Editor/Data/Managed'
Mono path[1] = 'C:/Program Files/Unity/Hub/Editor/2020.3.29f1/Editor/Data/MonoBleedingEdge/lib/mono/unityjit'
Mono config path = 'C:/Program Files/Unity/Hub/Editor/2020.3.29f1/Editor/Data/MonoBleedingEdge/etc'
Using monoOptions --debugger-agent=transport=dt_socket,embedding=1,server=y,suspend=n,address=127.0.0.1:56960
Begin MonoManager ReloadAssembly
Registering precompiled unity dll's ...
Register platform support module: C:/Program Files/Unity/Hub/Editor/2020.3.29f1/Editor/Data/PlaybackEngines/WindowsStandaloneSupport/UnityEditor.WindowsStandalone.Extensions.dll
Registered in 0.002426 seconds.
Native extension for WindowsStandalone target not found
Refreshing native plugins compatible for Editor in 31.01 ms, found 2 plugins.
Preloading 0 native plugins for Editor in 0.00 ms.
Mono: successfully reloaded assembly
- Completed reload, in  0.634 seconds
Domain Reload Profiling:
	ReloadAssembly (634ms)
		BeginReloadAssembly (68ms)
			ExecutionOrderSort (0ms)
			DisableScriptedObjects (0ms)
			BackupInstance (0ms)
			ReleaseScriptingObjects (0ms)
			CreateAndSetChildDomain (1ms)
		EndReloadAssembly (490ms)
			LoadAssemblies (66ms)
			RebuildTransferFunctionScriptingTraits (0ms)
			SetupTypeCache (162ms)
			ReleaseScriptCaches (0ms)
			RebuildScriptCaches (31ms)
			SetupLoadedEditorAssemblies (188ms)
				LogAssemblyErrors (0ms)
				InitializePlatformSupportModulesInManaged (4ms)
				SetLoadedEditorAssemblies (0ms)
				RefreshPlugins (31ms)
				BeforeProcessingInitializeOnLoad (18ms)
				ProcessInitializeOnLoadAttributes (93ms)
				ProcessInitializeOnLoadMethodAttributes (41ms)
				AfterProcessingInitializeOnLoad (0ms)
				EditorAssembliesLoaded (0ms)
			ExecutionOrderSort2 (0ms)
			AwakeInstancesAfterBackupRestoration (0ms)
Platform modules already initialized, skipping
Registering precompiled user dll's ...
Registered in 0.004553 seconds.
Begin MonoManager ReloadAssembly
Native extension for WindowsStandalone target not found
Refreshing native plugins compatible for Editor in 0.31 ms, found 2 plugins.
Preloading 0 native plugins for Editor in 0.00 ms.
Mono: successfully reloaded assembly
- Completed reload, in  1.085 seconds
Domain Reload Profiling:
	ReloadAssembly (1086ms)
		BeginReloadAssembly (166ms)
			ExecutionOrderSort (0ms)
			DisableScriptedObjects (5ms)
			BackupInstance (0ms)
			ReleaseScriptingObjects (0ms)
			CreateAndSetChildDomain (21ms)
		EndReloadAssembly (855ms)
			LoadAssemblies (104ms)
			RebuildTransferFunctionScriptingTraits (0ms)
			SetupTypeCache (284ms)
			ReleaseScriptCaches (0ms)
			RebuildScriptCaches (51ms)
			SetupLoadedEditorAssemblies (331ms)
				LogAssemblyErrors (0ms)
				InitializePlatformSupportModulesInManaged (4ms)
				SetLoadedEditorAssemblies (0ms)
				RefreshPlugins (0ms)
				BeforeProcessingInitializeOnLoad (104ms)
				ProcessInitializeOnLoadAttributes (204ms)
				ProcessInitializeOnLoadMethodAttributes (10ms)
				AfterProcessingInitializeOnLoad (8ms)
				EditorAssembliesLoaded (0ms)
			ExecutionOrderSort2 (0ms)
			AwakeInstancesAfterBackupRestoration (7ms)
Platform modules already initialized, skipping
========================================================================
Worker process is ready to serve import requests
Launched and connected shader compiler UnityShaderCompiler.exe after 0.08 seconds
Refreshing native plugins compatible for Editor in 0.50 ms, found 2 plugins.
Preloading 0 native plugins for Editor in 0.00 ms.
Unloading 1511 Unused Serialized files (Serialized files now loaded: 0)
System memory in use before: 81.5 MB.
System memory in use after: 81.5 MB.

Unloading 16 unused Assets to reduce memory usage. Loaded Objects now: 1960.
Total: 3.057900 ms (FindLiveObjects: 0.168200 ms CreateObjectMapping: 0.087100 ms MarkObjects: 2.680300 ms  DeleteObjects: 0.121700 ms)

AssetImportParameters requested are different than current active one (requested -> active):
  custom:framework-win-MediaFoundation: 216162199b28c13a410421893ffa2e32 -> 
  custom:video-decoder-ogg-theora: a1e56fd34408186e4bbccfd4996cb3dc -> 
  custom:container-muxer-webm: aa71ff27fc2769a1b78a27578f13a17b -> 
  custom:container-demuxer-webm: 4f35f7cbe854078d1ac9338744f61a02 -> 
  custom:container-demuxer-ogg: 62fdf1f143b41e24485cea50d1cbac27 -> 
  custom:video-encoder-webm-vp8: eb34c28f22e8b96e1ab97ce403110664 -> 
  custom:video-decoder-webm-vp8: 9c59270c3fd7afecdb556c50c9e8de78 -> 
  custom:audio-decoder-ogg-vorbis: bf7c407c2cedff20999df2af8eb42d56 -> 
  custom:audio-encoder-webm-vorbis: bf7c407c2cedff20999df2af8eb42d56 -> 
========================================================================
Received Import Request.
  path: Assets/Materials/PlayerCharacter/Boy_Costume_Texture.png
  artifactKey: Guid(2cbca78f3f3f1d2488a722bd5f24405d) Importer(815301076,1909f56bfc062723c751e8b465ee728b)
Start importing Assets/Materials/PlayerCharacter/Boy_Costume_Texture.png using Guid(2cbca78f3f3f1d2488a722bd5f24405d) Importer(815301076,1909f56bfc062723c751e8b465ee728b)  -> (artifact id: '8398aecab2adc7632570565e1e150129') in 0.155158 seconds 
  Import took 0.158713 seconds .

========================================================================
Received Import Request.
  Time since last request: 70.389426 seconds.
  path: Assets/Materials/BonusMechanics/Obstacles/Material/Half_Donut.mat
  artifactKey: Guid(e4ecbb80a07c3ab489c3b52c2f76ab95) Importer(815301076,1909f56bfc062723c751e8b465ee728b)
Start importing Assets/Materials/BonusMechanics/Obstacles/Material/Half_Donut.mat using Guid(e4ecbb80a07c3ab489c3b52c2f76ab95) Importer(815301076,1909f56bfc062723c751e8b465ee728b)  -> (artifact id: 'd1497b374a99cfdea52706e2fdf8d805') in 0.179827 seconds 
  Import took 0.185946 seconds .

========================================================================
Received Import Request.
  Time since last request: 0.000478 seconds.
  path: Assets/Materials/BonusMechanics/Obstacles/Materials/Rotator.mat
  artifactKey: Guid(5e8c66af67770ae47bc96cb69b8b185b) Importer(815301076,1909f56bfc062723c751e8b465ee728b)
Start importing Assets/Materials/BonusMechanics/Obstacles/Materials/Rotator.mat using Guid(5e8c66af67770ae47bc96cb69b8b185b) Importer(815301076,1909f56bfc062723c751e8b465ee728b)  -> (artifact id: '784efb6027c238e97074311ee21f7d17') in 0.043665 seconds 
  Import took 0.047189 seconds .

========================================================================
Received Import Request.
  Time since last request: 0.000607 seconds.
  path: Assets/Materials/BonusMechanics/Obstacles/Materials/RotatingStick.mat
  artifactKey: Guid(53ea22c9e46ec934b9adbdfbb301a4b5) Importer(815301076,1909f56bfc062723c751e8b465ee728b)
Start importing Assets/Materials/BonusMechanics/Obstacles/Materials/RotatingStick.mat using Guid(53ea22c9e46ec934b9adbdfbb301a4b5) Importer(815301076,1909f56bfc062723c751e8b465ee728b)  -> (artifact id: 'd61ecc4ba06ffe866f786ab5e4f42cbe') in 0.047873 seconds 
  Import took 0.052040 seconds .

========================================================================
Received Import Request.
  Time since last request: 2.341957 seconds.
  path: Assets/Materials/PlayerCharacter/Boy.fbx
  artifactKey: Guid(2090b3102a680d145b3fc83d459b8ef3) Importer(815301076,1909f56bfc062723c751e8b465ee728b)
Start importing Assets/Materials/PlayerCharacter/Boy.fbx using Guid(2090b3102a680d145b3fc83d459b8ef3) Importer(815301076,1909f56bfc062723c751e8b465ee728b)  -> (artifact id: '8246ea403eadc233ec106f17d9838f8f') in 0.112837 seconds 
  Import took 0.117173 seconds .

========================================================================
Received Import Request.
  Time since last request: 3.542692 seconds.
  path: Assets/Materials/PlayerCharacter/Boy.fbx
  artifactKey: Guid(2090b3102a680d145b3fc83d459b8ef3) Importer(815301076,1909f56bfc062723c751e8b465ee728b)
Start importing Assets/Materials/PlayerCharacter/Boy.fbx using Guid(2090b3102a680d145b3fc83d459b8ef3) Importer(815301076,1909f56bfc062723c751e8b465ee728b)  -> (artifact id: 'eabb2e054bb94ec188c7e858398addbd') in 0.050673 seconds 
  Import took 0.054395 seconds .

========================================================================
Received Import Request.
  Time since last request: 66.135060 seconds.
  path: Assets/Materials/PlayerCharacter/Boy.fbx
  artifactKey: Guid(2090b3102a680d145b3fc83d459b8ef3) Importer(815301076,1909f56bfc062723c751e8b465ee728b)
Start importing Assets/Materials/PlayerCharacter/Boy.fbx using Guid(2090b3102a680d145b3fc83d459b8ef3) Importer(815301076,1909f56bfc062723c751e8b465ee728b)  -> (artifact id: '074707934e8a0744172c18d0c4412b10') in 0.048557 seconds 
  Import took 0.051887 seconds .

========================================================================
Received Import Request.
  Time since last request: 90.304248 seconds.
  path: Assets/Materials/PlayerCharacter/New/Boy.fbx
  artifactKey: Guid(554c436ddda11ad4694fd87b1150ec13) Importer(815301076,1909f56bfc062723c751e8b465ee728b)
Start importing Assets/Materials/PlayerCharacter/New/Boy.fbx using Guid(554c436ddda11ad4694fd87b1150ec13) Importer(815301076,1909f56bfc062723c751e8b465ee728b)  -> (artifact id: '08fb5f6ba6607cb096ddba5199381e82') in 0.065201 seconds 
  Import took 0.068627 seconds .

========================================================================
Received Import Request.
  Time since last request: 0.000345 seconds.
  path: Assets/Materials/PlayerCharacter/New/Boy_Costume_Texture.png
  artifactKey: Guid(1b28e2de7e36ada4aaf90564c7113cc2) Importer(815301076,1909f56bfc062723c751e8b465ee728b)
Start importing Assets/Materials/PlayerCharacter/New/Boy_Costume_Texture.png using Guid(1b28e2de7e36ada4aaf90564c7113cc2) Importer(815301076,1909f56bfc062723c751e8b465ee728b)  -> (artifact id: 'c5ff80cef0840d9263aab07c341f3b60') in 0.021690 seconds 
  Import took 0.025270 seconds .

========================================================================
Received Import Request.
  Time since last request: 38.241856 seconds.
  path: Assets/Materials/PlayerCharacter/Boy.fbx
  artifactKey: Guid(2090b3102a680d145b3fc83d459b8ef3) Importer(815301076,1909f56bfc062723c751e8b465ee728b)
Start importing Assets/Materials/PlayerCharacter/Boy.fbx using Guid(2090b3102a680d145b3fc83d459b8ef3) Importer(815301076,1909f56bfc062723c751e8b465ee728b)  -> (artifact id: '38e2b9f8987f8956d57a671f3228a644') in 0.056676 seconds 
  Import took 0.059909 seconds .

========================================================================
Received Import Request.
  Time since last request: 105.501156 seconds.
  path: Assets/Character_animation/Boy/Boy@Idle.fbx
  artifactKey: Guid(7f71f10b48a9ea348bd7d9c71986fa17) Importer(815301076,1909f56bfc062723c751e8b465ee728b)
Start importing Assets/Character_animation/Boy/Boy@Idle.fbx using Guid(7f71f10b48a9ea348bd7d9c71986fa17) Importer(815301076,1909f56bfc062723c751e8b465ee728b)  -> (artifact id: '7cd4588042adc184369b9e2c59db5614') in 0.056864 seconds 
  Import took 0.061135 seconds .

========================================================================
Received Import Request.
  Time since last request: 3.232401 seconds.
  path: Assets/Character_animation/Boy/Boy@Idle.fbx
  artifactKey: Guid(7f71f10b48a9ea348bd7d9c71986fa17) Importer(815301076,1909f56bfc062723c751e8b465ee728b)
Start importing Assets/Character_animation/Boy/Boy@Idle.fbx using Guid(7f71f10b48a9ea348bd7d9c71986fa17) Importer(815301076,1909f56bfc062723c751e8b465ee728b)  -> (artifact id: '973716551ec7b5254b287385c1b4e260') in 0.055590 seconds 
  Import took 0.059833 seconds .

========================================================================
Received Prepare
Registering precompiled user dll's ...
Registered in 0.004883 seconds.
Begin MonoManager ReloadAssembly
Native extension for WindowsStandalone target not found
Refreshing native plugins compatible for Editor in 0.32 ms, found 2 plugins.
Preloading 0 native plugins for Editor in 0.00 ms.
Mono: successfully reloaded assembly
- Completed reload, in  1.105 seconds
Domain Reload Profiling:
	ReloadAssembly (1106ms)
		BeginReloadAssembly (114ms)
			ExecutionOrderSort (0ms)
			DisableScriptedObjects (4ms)
			BackupInstance (0ms)
			ReleaseScriptingObjects (0ms)
			CreateAndSetChildDomain (32ms)
		EndReloadAssembly (933ms)
			LoadAssemblies (93ms)
			RebuildTransferFunctionScriptingTraits (0ms)
			SetupTypeCache (250ms)
			ReleaseScriptCaches (1ms)
			RebuildScriptCaches (39ms)
			SetupLoadedEditorAssemblies (443ms)
				LogAssemblyErrors (0ms)
				InitializePlatformSupportModulesInManaged (4ms)
				SetLoadedEditorAssemblies (1ms)
				RefreshPlugins (0ms)
				BeforeProcessingInitializeOnLoad (118ms)
				ProcessInitializeOnLoadAttributes (299ms)
				ProcessInitializeOnLoadMethodAttributes (11ms)
				AfterProcessingInitializeOnLoad (9ms)
				EditorAssembliesLoaded (0ms)
			ExecutionOrderSort2 (0ms)
			AwakeInstancesAfterBackupRestoration (7ms)
Platform modules already initialized, skipping
Switching build target platform(19) subTarget(0) extendedPlatform(0) -> platform(13) subTarget(537395200) extendedPlatform(0)
Refreshing native plugins compatible for Editor in 0.31 ms, found 2 plugins.
Preloading 0 native plugins for Editor in 0.00 ms.
Unloading 1508 Unused Serialized files (Serialized files now loaded: 0)
System memory in use before: 98.2 MB.
System memory in use after: 98.3 MB.

Unloading 11 unused Assets to reduce memory usage. Loaded Objects now: 2007.
Total: 3.302400 ms (FindLiveObjects: 0.117700 ms CreateObjectMapping: 0.037700 ms MarkObjects: 3.102900 ms  DeleteObjects: 0.043500 ms)

AssetImportParameters requested are different than current active one (requested -> active):
  custom:framework-win-MediaFoundation: 216162199b28c13a410421893ffa2e32 -> 
  custom:video-decoder-ogg-theora: a1e56fd34408186e4bbccfd4996cb3dc -> 
  custom:container-muxer-webm: aa71ff27fc2769a1b78a27578f13a17b -> 
  custom:container-demuxer-webm: 4f35f7cbe854078d1ac9338744f61a02 -> 
  custom:container-demuxer-ogg: 62fdf1f143b41e24485cea50d1cbac27 -> 
  custom:video-encoder-webm-vp8: eb34c28f22e8b96e1ab97ce403110664 -> 
  custom:video-decoder-webm-vp8: 9c59270c3fd7afecdb556c50c9e8de78 -> 
  custom:graphics/normal-map-encoding: 01000000000000000000000000000000 -> 02000000000000000000000000000000
  custom:audio-decoder-ogg-vorbis: bf7c407c2cedff20999df2af8eb42d56 -> 
  custom:audio-encoder-webm-vorbis: bf7c407c2cedff20999df2af8eb42d56 -> 
========================================================================
Received Import Request.
  Time since last request: 204.358386 seconds.
  path: Assets/Materials/PlayerCharacter/Materials/oldMat
  artifactKey: Guid(f17d291964beb7b4ea770af984338b14) Importer(815301076,1909f56bfc062723c751e8b465ee728b)
Start importing Assets/Materials/PlayerCharacter/Materials/oldMat using Guid(f17d291964beb7b4ea770af984338b14) Importer(815301076,1909f56bfc062723c751e8b465ee728b)  -> (artifact id: '1940416848c51a4b41c32ce9cb828f5d') in 0.009445 seconds 
  Import took 0.012317 seconds .

========================================================================
Received Import Request.
  Time since last request: 42.196400 seconds.
  path: Assets/Character_animation/Boy/New
  artifactKey: Guid(cf624f0d382575e4cb4eb8230f93a602) Importer(815301076,1909f56bfc062723c751e8b465ee728b)
Start importing Assets/Character_animation/Boy/New using Guid(cf624f0d382575e4cb4eb8230f93a602) Importer(815301076,1909f56bfc062723c751e8b465ee728b)  -> (artifact id: '09e2cc2d0a7070cd573e9394367d1996') in 0.008314 seconds 
  Import took 0.012143 seconds .

========================================================================
Received Import Request.
  Time since last request: 7.863684 seconds.
  path: Assets/Character_animation/Boy/New/Boy.fbx
  artifactKey: Guid(854e662ca09a6c04984b5f69b6774db5) Importer(815301076,1909f56bfc062723c751e8b465ee728b)
Start importing Assets/Character_animation/Boy/New/Boy.fbx using Guid(854e662ca09a6c04984b5f69b6774db5) Importer(815301076,1909f56bfc062723c751e8b465ee728b)  -> (artifact id: '29ced556ae621a59a05340c3785f78f6') in 0.141806 seconds 
  Import took 0.144853 seconds .

========================================================================
Received Import Request.
  Time since last request: 62.704185 seconds.
  path: Assets/Character_animation/Boy/New/Boy.fbx
  artifactKey: Guid(854e662ca09a6c04984b5f69b6774db5) Importer(815301076,1909f56bfc062723c751e8b465ee728b)
Start importing Assets/Character_animation/Boy/New/Boy.fbx using Guid(854e662ca09a6c04984b5f69b6774db5) Importer(815301076,1909f56bfc062723c751e8b465ee728b)  -> (artifact id: '65666fdc5a38565ca7c69f7241cf4a76') in 0.067525 seconds 
  Import took 0.072043 seconds .

========================================================================
Received Import Request.
  Time since last request: 293.882514 seconds.
  path: Assets/Character_animation/Boy/New/Boy_Costume_Texture.png
  artifactKey: Guid(0c758f99a3092914d924b02184696a71) Importer(815301076,1909f56bfc062723c751e8b465ee728b)
Start importing Assets/Character_animation/Boy/New/Boy_Costume_Texture.png using Guid(0c758f99a3092914d924b02184696a71) Importer(815301076,1909f56bfc062723c751e8b465ee728b)  -> (artifact id: '5922b470a5e00ce1fe3feec616c01ef2') in 0.026767 seconds 
  Import took 0.030513 seconds .

========================================================================
Received Import Request.
  Time since last request: 95.954252 seconds.
  path: Assets/Materials/OpponentCharacter/Girl_Costume_Texture.png
  artifactKey: Guid(a31f0afb155c8e942b62016f827e09ad) Importer(815301076,1909f56bfc062723c751e8b465ee728b)
Start importing Assets/Materials/OpponentCharacter/Girl_Costume_Texture.png using Guid(a31f0afb155c8e942b62016f827e09ad) Importer(815301076,1909f56bfc062723c751e8b465ee728b)  -> (artifact id: '89a34356e32446ca9a5f37e0b018d851') in 0.085695 seconds 
  Import took 0.089756 seconds .

========================================================================
Received Prepare
Registering precompiled user dll's ...
Registered in 0.003909 seconds.
Begin MonoManager ReloadAssembly
Native extension for WindowsStandalone target not found
Refreshing native plugins compatible for Editor in 0.31 ms, found 2 plugins.
Preloading 0 native plugins for Editor in 0.00 ms.
Mono: successfully reloaded assembly
- Completed reload, in  0.955 seconds
Domain Reload Profiling:
	ReloadAssembly (955ms)
		BeginReloadAssembly (113ms)
			ExecutionOrderSort (0ms)
			DisableScriptedObjects (4ms)
			BackupInstance (0ms)
			ReleaseScriptingObjects (0ms)
			CreateAndSetChildDomain (32ms)
		EndReloadAssembly (784ms)
			LoadAssemblies (91ms)
			RebuildTransferFunctionScriptingTraits (0ms)
			SetupTypeCache (265ms)
			ReleaseScriptCaches (1ms)
			RebuildScriptCaches (34ms)
			SetupLoadedEditorAssemblies (280ms)
				LogAssemblyErrors (0ms)
				InitializePlatformSupportModulesInManaged (4ms)
				SetLoadedEditorAssemblies (0ms)
				RefreshPlugins (0ms)
				BeforeProcessingInitializeOnLoad (73ms)
				ProcessInitializeOnLoadAttributes (185ms)
				ProcessInitializeOnLoadMethodAttributes (10ms)
				AfterProcessingInitializeOnLoad (7ms)
				EditorAssembliesLoaded (0ms)
			ExecutionOrderSort2 (0ms)
			AwakeInstancesAfterBackupRestoration (7ms)
Platform modules already initialized, skipping
Switching build target platform(19) subTarget(0) extendedPlatform(0) -> platform(13) subTarget(537395200) extendedPlatform(0)
Refreshing native plugins compatible for Editor in 0.31 ms, found 2 plugins.
Preloading 0 native plugins for Editor in 0.00 ms.
Unloading 1508 Unused Serialized files (Serialized files now loaded: 0)
System memory in use before: 98.3 MB.
System memory in use after: 98.4 MB.

Unloading 11 unused Assets to reduce memory usage. Loaded Objects now: 2010.
Total: 3.016600 ms (FindLiveObjects: 0.130500 ms CreateObjectMapping: 0.040500 ms MarkObjects: 2.826900 ms  DeleteObjects: 0.017900 ms)

AssetImportParameters requested are different than current active one (requested -> active):
  custom:framework-win-MediaFoundation: 216162199b28c13a410421893ffa2e32 -> 
  custom:video-decoder-ogg-theora: a1e56fd34408186e4bbccfd4996cb3dc -> 
  custom:container-muxer-webm: aa71ff27fc2769a1b78a27578f13a17b -> 
  custom:container-demuxer-webm: 4f35f7cbe854078d1ac9338744f61a02 -> 
  custom:container-demuxer-ogg: 62fdf1f143b41e24485cea50d1cbac27 -> 
  custom:video-encoder-webm-vp8: eb34c28f22e8b96e1ab97ce403110664 -> 
  custom:video-decoder-webm-vp8: 9c59270c3fd7afecdb556c50c9e8de78 -> 
  custom:graphics/normal-map-encoding: 01000000000000000000000000000000 -> 02000000000000000000000000000000
  custom:audio-decoder-ogg-vorbis: bf7c407c2cedff20999df2af8eb42d56 -> 
  custom:audio-encoder-webm-vorbis: bf7c407c2cedff20999df2af8eb42d56 -> 
========================================================================
Received Import Request.
  Time since last request: 267.863000 seconds.
  path: Assets/Materials/OpponentCharacter/New_Girl
  artifactKey: Guid(25cc9b70ec142a14296872aa75b694d7) Importer(815301076,1909f56bfc062723c751e8b465ee728b)
Start importing Assets/Materials/OpponentCharacter/New_Girl using Guid(25cc9b70ec142a14296872aa75b694d7) Importer(815301076,1909f56bfc062723c751e8b465ee728b)  -> (artifact id: '3b91754748c0d5d477656b964596b098') in 0.018711 seconds 
  Import took 0.022421 seconds .

========================================================================
Received Import Request.
  Time since last request: 14.131709 seconds.
  path: Assets/Materials/OpponentCharacter/New_Girl/Girl.fbx
  artifactKey: Guid(1bc3721868cc87e419baf2dee0758979) Importer(815301076,1909f56bfc062723c751e8b465ee728b)
Start importing Assets/Materials/OpponentCharacter/New_Girl/Girl.fbx using Guid(1bc3721868cc87e419baf2dee0758979) Importer(815301076,1909f56bfc062723c751e8b465ee728b)  -> (artifact id: '8843fd397f854bc56afa36279273f3d1') in 0.139016 seconds 
  Import took 0.142261 seconds .

========================================================================
Received Import Request.
  Time since last request: 84.882270 seconds.
  path: Assets/Materials/OpponentCharacter/New_Girl/Girl_Costume_Texture.png
  artifactKey: Guid(b7bfe64376f68ac4c8f4607f418367f7) Importer(815301076,1909f56bfc062723c751e8b465ee728b)
Start importing Assets/Materials/OpponentCharacter/New_Girl/Girl_Costume_Texture.png using Guid(b7bfe64376f68ac4c8f4607f418367f7) Importer(815301076,1909f56bfc062723c751e8b465ee728b)  -> (artifact id: '2fdb14ca62c638de744998506db8d148') in 0.041037 seconds 
  Import took 0.045177 seconds .

========================================================================
Received Prepare
Registering precompiled user dll's ...
Registered in 0.003462 seconds.
Begin MonoManager ReloadAssembly
Native extension for WindowsStandalone target not found
Refreshing native plugins compatible for Editor in 0.45 ms, found 2 plugins.
Preloading 0 native plugins for Editor in 0.00 ms.
Mono: successfully reloaded assembly
- Completed reload, in  1.087 seconds
Domain Reload Profiling:
	ReloadAssembly (1087ms)
		BeginReloadAssembly (116ms)
			ExecutionOrderSort (0ms)
			DisableScriptedObjects (4ms)
			BackupInstance (0ms)
			ReleaseScriptingObjects (0ms)
			CreateAndSetChildDomain (32ms)
		EndReloadAssembly (910ms)
			LoadAssemblies (99ms)
			RebuildTransferFunctionScriptingTraits (0ms)
			SetupTypeCache (288ms)
			ReleaseScriptCaches (1ms)
			RebuildScriptCaches (47ms)
			SetupLoadedEditorAssemblies (300ms)
				LogAssemblyErrors (0ms)
				InitializePlatformSupportModulesInManaged (7ms)
				SetLoadedEditorAssemblies (1ms)
				RefreshPlugins (1ms)
				BeforeProcessingInitializeOnLoad (94ms)
				ProcessInitializeOnLoadAttributes (182ms)
				ProcessInitializeOnLoadMethodAttributes (9ms)
				AfterProcessingInitializeOnLoad (7ms)
				EditorAssembliesLoaded (0ms)
			ExecutionOrderSort2 (0ms)
			AwakeInstancesAfterBackupRestoration (7ms)
Platform modules already initialized, skipping
Switching build target platform(19) subTarget(0) extendedPlatform(0) -> platform(13) subTarget(537395200) extendedPlatform(0)
Refreshing native plugins compatible for Editor in 0.30 ms, found 2 plugins.
Preloading 0 native plugins for Editor in 0.00 ms.
Unloading 1508 Unused Serialized files (Serialized files now loaded: 0)
System memory in use before: 98.3 MB.
System memory in use after: 98.4 MB.

Unloading 11 unused Assets to reduce memory usage. Loaded Objects now: 2013.
Total: 2.629000 ms (FindLiveObjects: 0.165000 ms CreateObjectMapping: 0.056700 ms MarkObjects: 2.390300 ms  DeleteObjects: 0.016400 ms)

AssetImportParameters requested are different than current active one (requested -> active):
  custom:framework-win-MediaFoundation: 216162199b28c13a410421893ffa2e32 -> 
  custom:video-decoder-ogg-theora: a1e56fd34408186e4bbccfd4996cb3dc -> 
  custom:container-muxer-webm: aa71ff27fc2769a1b78a27578f13a17b -> 
  custom:container-demuxer-webm: 4f35f7cbe854078d1ac9338744f61a02 -> 
  custom:container-demuxer-ogg: 62fdf1f143b41e24485cea50d1cbac27 -> 
  custom:video-encoder-webm-vp8: eb34c28f22e8b96e1ab97ce403110664 -> 
  custom:video-decoder-webm-vp8: 9c59270c3fd7afecdb556c50c9e8de78 -> 
  custom:graphics/normal-map-encoding: 01000000000000000000000000000000 -> 02000000000000000000000000000000
  custom:audio-decoder-ogg-vorbis: bf7c407c2cedff20999df2af8eb42d56 -> 
  custom:audio-encoder-webm-vorbis: bf7c407c2cedff20999df2af8eb42d56 -> 
AssetImportWorkerClient::OnTransportError - code=2 error=End of file
